{"/Users/andela/Documents/My-Brand/server/src/modal/blog.js":{"path":"/Users/andela/Documents/My-Brand/server/src/modal/blog.js","statementMap":{"0":{"start":{"line":3,"column":0},"end":{"line":5,"column":3}},"1":{"start":{"line":6,"column":0},"end":{"line":6,"column":28}},"2":{"start":{"line":8,"column":16},"end":{"line":8,"column":59}},"3":{"start":{"line":10,"column":39},"end":{"line":10,"column":95}},"4":{"start":{"line":12,"column":17},"end":{"line":46,"column":2}},"5":{"start":{"line":48,"column":15},"end":{"line":48,"column":61}},"6":{"start":{"line":50,"column":0},"end":{"line":50,"column":30}}},"fnMap":{"0":{"name":"_interopRequireDefault","decl":{"start":{"line":10,"column":9},"end":{"line":10,"column":31}},"loc":{"start":{"line":10,"column":37},"end":{"line":10,"column":97}},"line":10}},"branchMap":{"0":{"loc":{"start":{"line":10,"column":46},"end":{"line":10,"column":94}},"type":"cond-expr","locations":[{"start":{"line":10,"column":70},"end":{"line":10,"column":73}},{"start":{"line":10,"column":76},"end":{"line":10,"column":94}}],"line":10},"1":{"loc":{"start":{"line":10,"column":46},"end":{"line":10,"column":67}},"type":"binary-expr","locations":[{"start":{"line":10,"column":46},"end":{"line":10,"column":49}},{"start":{"line":10,"column":53},"end":{"line":10,"column":67}}],"line":10}},"s":{"0":1,"1":1,"2":1,"3":1,"4":1,"5":1,"6":1},"f":{"0":1},"b":{"0":[0,1],"1":[1,1]},"inputSourceMap":{"version":3,"sources":["blog.js"],"names":["blogSchema","mongoose","Schema","Author","type","String","required","maxlength","Title","unique","Content","comments","Types","ObjectId","ref","imageUrl","imageId","commentCounts","Number","createdAt","Date","now","model"],"mappings":";;;;;;;AAAA;;;;AAEA,IAAMA,UAAU,GAAG,IAAIC,qBAASC,MAAb,CAAoB;AACrCC,EAAAA,MAAM,EAAE;AACNC,IAAAA,IAAI,EAAEC,MADA;AAENC,IAAAA,QAAQ,EAAE,CAAC,IAAD,EAAO,sBAAP,CAFJ;AAGNC,IAAAA,SAAS,EAAE,CAAC,EAAD,EAAK,yCAAL;AAHL,GAD6B;AAMrCC,EAAAA,KAAK,EAAE;AACLJ,IAAAA,IAAI,EAAEC,MADD;AAELC,IAAAA,QAAQ,EAAE,CAAC,IAAD,EAAO,sBAAP,CAFL;AAGLG,IAAAA,MAAM,EAAE,IAHH;AAILF,IAAAA,SAAS,EAAE,CAAC,GAAD,EAAM,4CAAN;AAJN,GAN8B;AAYrCG,EAAAA,OAAO,EAAE;AACPN,IAAAA,IAAI,EAAEC,MADC;AAEPC,IAAAA,QAAQ,EAAE,CAAC,IAAD,EAAO,0BAAP;AAFH,GAZ4B;AAiBrCK,EAAAA,QAAQ,EAAE,CACR;AACEP,IAAAA,IAAI,EAAEH,qBAASC,MAAT,CAAgBU,KAAhB,CAAsBC,QAD9B;AAEEC,IAAAA,GAAG,EAAE;AAFP,GADQ,CAjB2B;AAwBrCC,EAAAA,QAAQ,EAAE;AAAEX,IAAAA,IAAI,EAAEC;AAAR,GAxB2B;AAyBrCW,EAAAA,OAAO,EAAE;AAAEZ,IAAAA,IAAI,EAAEC;AAAR,GAzB4B;AA2BrCY,EAAAA,aAAa,EAAE;AAAEb,IAAAA,IAAI,EAAEc,MAAR;AAAgB,eAAS;AAAzB,GA3BsB;AA4BrCC,EAAAA,SAAS,EAAE;AAAEf,IAAAA,IAAI,EAAEgB,IAAR;AAAc,eAASA,IAAI,CAACC;AAA5B;AA5B0B,CAApB,CAAnB;;eA+BepB,qBAASqB,KAAT,CAAe,MAAf,EAAuBtB,UAAvB,C","sourceRoot":"/Users/andela/Documents/My-Brand/server/src/modal/","sourcesContent":["import mongoose from \"mongoose\";\n\nconst blogSchema = new mongoose.Schema({\n  Author: {\n    type: String,\n    required: [true, \"Please add your name\"],\n    maxlength: [50, \"Name can not be more than 50 characters\"],\n  },\n  Title: {\n    type: String,\n    required: [true, \"Please add The title\"],\n    unique: true,\n    maxlength: [100, \"Title  can not be more than 100 characters\"],\n  },\n  Content: {\n    type: String,\n    required: [true, \"Please add a description\"],\n  },\n\n  comments: [\n    {\n      type: mongoose.Schema.Types.ObjectId,\n      ref: \"Comment\",\n    },\n  ],\n\n  imageUrl: { type: String },\n  imageId: { type: String },\n\n  commentCounts: { type: Number, default: 0 },\n  createdAt: { type: Date, default: Date.now },\n});\n\nexport default mongoose.model(\"blog\", blogSchema);\n"]},"_coverageSchema":"1a1c01bbd47fc00a2c39e90264f33305004495a9","hash":"f444f91cd0b1babffea3fa63f90799837ff07ad5","contentHash":"c027fa6c1e74afc6c2a94586605ef9c03250e4214b29e340b04dc9c675221994"},"/Users/andela/Documents/My-Brand/server/src/index.js":{"path":"/Users/andela/Documents/My-Brand/server/src/index.js","statementMap":{"0":{"start":{"line":3,"column":0},"end":{"line":5,"column":3}},"1":{"start":{"line":6,"column":0},"end":{"line":6,"column":28}},"2":{"start":{"line":8,"column":15},"end":{"line":8,"column":57}},"3":{"start":{"line":10,"column":0},"end":{"line":10,"column":27}},"4":{"start":{"line":12,"column":14},"end":{"line":12,"column":31}},"5":{"start":{"line":14,"column":10},"end":{"line":14,"column":56}},"6":{"start":{"line":16,"column":25},"end":{"line":16,"column":78}},"7":{"start":{"line":18,"column":20},"end":{"line":18,"column":68}},"8":{"start":{"line":20,"column":13},"end":{"line":20,"column":62}},"9":{"start":{"line":22,"column":13},"end":{"line":22,"column":67}},"10":{"start":{"line":24,"column":39},"end":{"line":24,"column":95}},"11":{"start":{"line":26,"column":0},"end":{"line":26,"column":22}},"12":{"start":{"line":27,"column":0},"end":{"line":27,"column":22}},"13":{"start":{"line":28,"column":10},"end":{"line":28,"column":36}},"14":{"start":{"line":29,"column":0},"end":{"line":29,"column":36}},"15":{"start":{"line":30,"column":0},"end":{"line":32,"column":4}},"16":{"start":{"line":33,"column":0},"end":{"line":35,"column":4}},"17":{"start":{"line":36,"column":0},"end":{"line":36,"column":41}},"18":{"start":{"line":37,"column":0},"end":{"line":37,"column":37}},"19":{"start":{"line":38,"column":0},"end":{"line":38,"column":27}},"20":{"start":{"line":39,"column":0},"end":{"line":39,"column":126}},"21":{"start":{"line":40,"column":15},"end":{"line":40,"column":18}},"22":{"start":{"line":41,"column":0},"end":{"line":41,"column":30}}},"fnMap":{"0":{"name":"_interopRequireDefault","decl":{"start":{"line":24,"column":9},"end":{"line":24,"column":31}},"loc":{"start":{"line":24,"column":37},"end":{"line":24,"column":97}},"line":24}},"branchMap":{"0":{"loc":{"start":{"line":24,"column":46},"end":{"line":24,"column":94}},"type":"cond-expr","locations":[{"start":{"line":24,"column":70},"end":{"line":24,"column":73}},{"start":{"line":24,"column":76},"end":{"line":24,"column":94}}],"line":24},"1":{"loc":{"start":{"line":24,"column":46},"end":{"line":24,"column":67}},"type":"binary-expr","locations":[{"start":{"line":24,"column":46},"end":{"line":24,"column":49}},{"start":{"line":24,"column":53},"end":{"line":24,"column":67}}],"line":24}},"s":{"0":1,"1":1,"2":1,"3":1,"4":1,"5":1,"6":1,"7":1,"8":1,"9":1,"10":6,"11":1,"12":1,"13":1,"14":1,"15":1,"16":1,"17":1,"18":1,"19":1,"20":1,"21":1,"22":1},"f":{"0":6},"b":{"0":[3,3],"1":[6,6]},"inputSourceMap":{"version":3,"sources":["index.js"],"names":["app","use","express","json","urlencoded","extended","useTempFiles","routes","errorHandler","listen","process","env","PORT","console","log","NODE_ENV"],"mappings":";;;;;;;AAAA;;AACA;;AACA;;AACA;;AACA;;AACA;;AACA;;AACA;;;;AAEA;AACA;AAEA,IAAMA,GAAG,GAAG,0BAAZ;AAEAA,GAAG,CAACC,GAAJ,CAAQC,oBAAQC,IAAR,EAAR;AACAH,GAAG,CAACC,GAAJ,CAAQC,oBAAQE,UAAR,CAAmB;AAAEC,EAAAA,QAAQ,EAAE;AAAZ,CAAnB,CAAR;AACAL,GAAG,CAACC,GAAJ,CAAQ,mCAAW;AAAEK,EAAAA,YAAY,EAAE;AAAhB,CAAX,CAAR;AACAN,GAAG,CAACC,GAAJ,CAAQ,+BAAR;AAEAD,GAAG,CAACC,GAAJ,CAAQ,QAAR,EAAkBM,iBAAlB;AACAP,GAAG,CAACC,GAAJ,CAAQO,iBAAR;AAEAR,GAAG,CAACS,MAAJ,CACEC,OAAO,CAACC,GAAR,CAAYC,IADd,EAEEC,OAAO,CAACC,GAAR,6BACuBJ,OAAO,CAACC,GAAR,CAAYI,QADnC,iBACkDL,OAAO,CAACC,GAAR,CAAYC,IAD9D,EAFF;eAOeZ,G","sourceRoot":"/Users/andela/Documents/My-Brand/server/src/","sourcesContent":["import express from \"express\";\nimport \"@babel/polyfill\";\nimport { config } from \"dotenv\";\nimport connectDB from \"./config/db\";\nimport fileupload from \"express-fileupload\";\nimport cookieParser from \"cookie-parser\";\nimport routes from \"./routes/index\";\nimport errorHandler from \"./middlewares/error\";\n\nconfig();\nconnectDB();\n\nconst app = express();\n\napp.use(express.json());\napp.use(express.urlencoded({ extended: false }));\napp.use(fileupload({ useTempFiles: true }));\napp.use(cookieParser());\n\napp.use(\"/shema\", routes);\napp.use(errorHandler);\n\napp.listen(\n  process.env.PORT,\n  console.log(\n    `server running in ${process.env.NODE_ENV} at ${process.env.PORT}`\n  )\n);\n\nexport default app;\n"]},"_coverageSchema":"1a1c01bbd47fc00a2c39e90264f33305004495a9","hash":"530c9e2fb4ffd0388f76855848a321daf8619bb2","contentHash":"5dc14cb2c3ae07421f84d5dfe54e6a31398f410223ecf0e61b8556c52a72c410"},"/Users/andela/Documents/My-Brand/server/src/config/db.js":{"path":"/Users/andela/Documents/My-Brand/server/src/config/db.js","statementMap":{"0":{"start":{"line":3,"column":51},"end":{"line":3,"column":355}},"1":{"start":{"line":3,"column":126},"end":{"line":3,"column":181}},"2":{"start":{"line":3,"column":160},"end":{"line":3,"column":178}},"3":{"start":{"line":3,"column":191},"end":{"line":3,"column":353}},"4":{"start":{"line":3,"column":225},"end":{"line":3,"column":350}},"5":{"start":{"line":3,"column":356},"end":{"line":3,"column":376}},"6":{"start":{"line":5,"column":0},"end":{"line":7,"column":3}},"7":{"start":{"line":8,"column":0},"end":{"line":8,"column":28}},"8":{"start":{"line":10,"column":16},"end":{"line":10,"column":59}},"9":{"start":{"line":12,"column":14},"end":{"line":12,"column":56}},"10":{"start":{"line":14,"column":13},"end":{"line":14,"column":68}},"11":{"start":{"line":16,"column":38},"end":{"line":16,"column":85}},"12":{"start":{"line":16,"column":73},"end":{"line":16,"column":85}},"13":{"start":{"line":16,"column":98},"end":{"line":16,"column":111}},"14":{"start":{"line":16,"column":113},"end":{"line":16,"column":194}},"15":{"start":{"line":16,"column":178},"end":{"line":16,"column":191}},"16":{"start":{"line":16,"column":195},"end":{"line":16,"column":208}},"17":{"start":{"line":18,"column":40},"end":{"line":18,"column":82}},"18":{"start":{"line":18,"column":69},"end":{"line":18,"column":80}},"19":{"start":{"line":18,"column":83},"end":{"line":18,"column":189}},"20":{"start":{"line":18,"column":161},"end":{"line":18,"column":187}},"21":{"start":{"line":18,"column":202},"end":{"line":18,"column":228}},"22":{"start":{"line":18,"column":230},"end":{"line":18,"column":285}},"23":{"start":{"line":18,"column":261},"end":{"line":18,"column":283}},"24":{"start":{"line":18,"column":299},"end":{"line":18,"column":301}},"25":{"start":{"line":18,"column":331},"end":{"line":18,"column":387}},"26":{"start":{"line":18,"column":389},"end":{"line":18,"column":669}},"27":{"start":{"line":18,"column":412},"end":{"line":18,"column":667}},"28":{"start":{"line":18,"column":477},"end":{"line":18,"column":549}},"29":{"start":{"line":18,"column":551},"end":{"line":18,"column":665}},"30":{"start":{"line":18,"column":589},"end":{"line":18,"column":630}},"31":{"start":{"line":18,"column":640},"end":{"line":18,"column":663}},"32":{"start":{"line":18,"column":670},"end":{"line":18,"column":694}},"33":{"start":{"line":18,"column":695},"end":{"line":18,"column":733}},"34":{"start":{"line":18,"column":708},"end":{"line":18,"column":731}},"35":{"start":{"line":18,"column":734},"end":{"line":18,"column":748}},"36":{"start":{"line":20,"column":39},"end":{"line":20,"column":95}},"37":{"start":{"line":22,"column":77},"end":{"line":22,"column":175}},"38":{"start":{"line":22,"column":94},"end":{"line":22,"column":107}},"39":{"start":{"line":22,"column":121},"end":{"line":22,"column":131}},"40":{"start":{"line":22,"column":151},"end":{"line":22,"column":165}},"41":{"start":{"line":22,"column":166},"end":{"line":22,"column":173}},"42":{"start":{"line":22,"column":176},"end":{"line":22,"column":263}},"43":{"start":{"line":22,"column":193},"end":{"line":22,"column":208}},"44":{"start":{"line":22,"column":218},"end":{"line":22,"column":261}},"45":{"start":{"line":24,"column":33},"end":{"line":24,"column":387}},"46":{"start":{"line":24,"column":65},"end":{"line":24,"column":69}},"47":{"start":{"line":24,"column":78},"end":{"line":24,"column":87}},"48":{"start":{"line":24,"column":89},"end":{"line":24,"column":384}},"49":{"start":{"line":24,"column":147},"end":{"line":24,"column":167}},"50":{"start":{"line":24,"column":193},"end":{"line":24,"column":264}},"51":{"start":{"line":24,"column":290},"end":{"line":24,"column":360}},"52":{"start":{"line":24,"column":363},"end":{"line":24,"column":380}},"53":{"start":{"line":26,"column":0},"end":{"line":26,"column":22}},"54":{"start":{"line":27,"column":19},"end":{"line":27,"column":30}},"55":{"start":{"line":28,"column":16},"end":{"line":28,"column":38}},"56":{"start":{"line":29,"column":15},"end":{"line":29,"column":36}},"57":{"start":{"line":30,"column":21},"end":{"line":30,"column":48}},"58":{"start":{"line":31,"column":0},"end":{"line":31,"column":34}},"59":{"start":{"line":32,"column":16},"end":{"line":56,"column":4}},"60":{"start":{"line":34,"column":2},"end":{"line":55,"column":14}},"61":{"start":{"line":35,"column":4},"end":{"line":54,"column":5}},"62":{"start":{"line":36,"column":6},"end":{"line":53,"column":7}},"63":{"start":{"line":38,"column":10},"end":{"line":38,"column":28}},"64":{"start":{"line":39,"column":10},"end":{"line":44,"column":13}},"65":{"start":{"line":47,"column":10},"end":{"line":47,"column":31}},"66":{"start":{"line":48,"column":10},"end":{"line":48,"column":74}},"67":{"start":{"line":52,"column":10},"end":{"line":52,"column":33}},"68":{"start":{"line":57,"column":15},"end":{"line":57,"column":24}},"69":{"start":{"line":58,"column":0},"end":{"line":58,"column":30}}},"fnMap":{"0":{"name":"_typeof","decl":{"start":{"line":3,"column":9},"end":{"line":3,"column":16}},"loc":{"start":{"line":3,"column":22},"end":{"line":3,"column":378}},"line":3},"1":{"name":"_typeof","decl":{"start":{"line":3,"column":145},"end":{"line":3,"column":152}},"loc":{"start":{"line":3,"column":158},"end":{"line":3,"column":180}},"line":3},"2":{"name":"_typeof","decl":{"start":{"line":3,"column":210},"end":{"line":3,"column":217}},"loc":{"start":{"line":3,"column":223},"end":{"line":3,"column":352}},"line":3},"3":{"name":"_getRequireWildcardCache","decl":{"start":{"line":16,"column":9},"end":{"line":16,"column":33}},"loc":{"start":{"line":16,"column":36},"end":{"line":16,"column":210}},"line":16},"4":{"name":"_getRequireWildcardCache","decl":{"start":{"line":16,"column":149},"end":{"line":16,"column":173}},"loc":{"start":{"line":16,"column":176},"end":{"line":16,"column":193}},"line":16},"5":{"name":"_interopRequireWildcard","decl":{"start":{"line":18,"column":9},"end":{"line":18,"column":32}},"loc":{"start":{"line":18,"column":38},"end":{"line":18,"column":750}},"line":18},"6":{"name":"_interopRequireDefault","decl":{"start":{"line":20,"column":9},"end":{"line":20,"column":31}},"loc":{"start":{"line":20,"column":37},"end":{"line":20,"column":97}},"line":20},"7":{"name":"asyncGeneratorStep","decl":{"start":{"line":22,"column":9},"end":{"line":22,"column":27}},"loc":{"start":{"line":22,"column":75},"end":{"line":22,"column":265}},"line":22},"8":{"name":"_asyncToGenerator","decl":{"start":{"line":24,"column":9},"end":{"line":24,"column":26}},"loc":{"start":{"line":24,"column":31},"end":{"line":24,"column":389}},"line":24},"9":{"name":"(anonymous_9)","decl":{"start":{"line":24,"column":40},"end":{"line":24,"column":41}},"loc":{"start":{"line":24,"column":52},"end":{"line":24,"column":386}},"line":24},"10":{"name":"(anonymous_10)","decl":{"start":{"line":24,"column":108},"end":{"line":24,"column":109}},"loc":{"start":{"line":24,"column":135},"end":{"line":24,"column":382}},"line":24},"11":{"name":"_next","decl":{"start":{"line":24,"column":178},"end":{"line":24,"column":183}},"loc":{"start":{"line":24,"column":191},"end":{"line":24,"column":266}},"line":24},"12":{"name":"_throw","decl":{"start":{"line":24,"column":276},"end":{"line":24,"column":282}},"loc":{"start":{"line":24,"column":288},"end":{"line":24,"column":362}},"line":24},"13":{"name":"_callee","decl":{"start":{"line":32,"column":118},"end":{"line":32,"column":125}},"loc":{"start":{"line":32,"column":128},"end":{"line":56,"column":1}},"line":32},"14":{"name":"_callee$","decl":{"start":{"line":34,"column":42},"end":{"line":34,"column":50}},"loc":{"start":{"line":34,"column":61},"end":{"line":55,"column":3}},"line":34}},"branchMap":{"0":{"loc":{"start":{"line":3,"column":51},"end":{"line":3,"column":355}},"type":"if","locations":[{"start":{"line":3,"column":51},"end":{"line":3,"column":355}},{"start":{"line":3,"column":51},"end":{"line":3,"column":355}}],"line":3},"1":{"loc":{"start":{"line":3,"column":55},"end":{"line":3,"column":122}},"type":"binary-expr","locations":[{"start":{"line":3,"column":55},"end":{"line":3,"column":83}},{"start":{"line":3,"column":87},"end":{"line":3,"column":122}}],"line":3},"2":{"loc":{"start":{"line":3,"column":232},"end":{"line":3,"column":349}},"type":"cond-expr","locations":[{"start":{"line":3,"column":328},"end":{"line":3,"column":336}},{"start":{"line":3,"column":339},"end":{"line":3,"column":349}}],"line":3},"3":{"loc":{"start":{"line":3,"column":232},"end":{"line":3,"column":325}},"type":"binary-expr","locations":[{"start":{"line":3,"column":232},"end":{"line":3,"column":235}},{"start":{"line":3,"column":239},"end":{"line":3,"column":267}},{"start":{"line":3,"column":271},"end":{"line":3,"column":297}},{"start":{"line":3,"column":301},"end":{"line":3,"column":325}}],"line":3},"4":{"loc":{"start":{"line":16,"column":38},"end":{"line":16,"column":85}},"type":"if","locations":[{"start":{"line":16,"column":38},"end":{"line":16,"column":85}},{"start":{"line":16,"column":38},"end":{"line":16,"column":85}}],"line":16},"5":{"loc":{"start":{"line":18,"column":40},"end":{"line":18,"column":82}},"type":"if","locations":[{"start":{"line":18,"column":40},"end":{"line":18,"column":82}},{"start":{"line":18,"column":40},"end":{"line":18,"column":82}}],"line":18},"6":{"loc":{"start":{"line":18,"column":44},"end":{"line":18,"column":65}},"type":"binary-expr","locations":[{"start":{"line":18,"column":44},"end":{"line":18,"column":47}},{"start":{"line":18,"column":51},"end":{"line":18,"column":65}}],"line":18},"7":{"loc":{"start":{"line":18,"column":83},"end":{"line":18,"column":189}},"type":"if","locations":[{"start":{"line":18,"column":83},"end":{"line":18,"column":189}},{"start":{"line":18,"column":83},"end":{"line":18,"column":189}}],"line":18},"8":{"loc":{"start":{"line":18,"column":87},"end":{"line":18,"column":157}},"type":"binary-expr","locations":[{"start":{"line":18,"column":87},"end":{"line":18,"column":99}},{"start":{"line":18,"column":103},"end":{"line":18,"column":128}},{"start":{"line":18,"column":132},"end":{"line":18,"column":157}}],"line":18},"9":{"loc":{"start":{"line":18,"column":230},"end":{"line":18,"column":285}},"type":"if","locations":[{"start":{"line":18,"column":230},"end":{"line":18,"column":285}},{"start":{"line":18,"column":230},"end":{"line":18,"column":285}}],"line":18},"10":{"loc":{"start":{"line":18,"column":234},"end":{"line":18,"column":257}},"type":"binary-expr","locations":[{"start":{"line":18,"column":234},"end":{"line":18,"column":239}},{"start":{"line":18,"column":243},"end":{"line":18,"column":257}}],"line":18},"11":{"loc":{"start":{"line":18,"column":331},"end":{"line":18,"column":387}},"type":"binary-expr","locations":[{"start":{"line":18,"column":331},"end":{"line":18,"column":352}},{"start":{"line":18,"column":356},"end":{"line":18,"column":387}}],"line":18},"12":{"loc":{"start":{"line":18,"column":412},"end":{"line":18,"column":667}},"type":"if","locations":[{"start":{"line":18,"column":412},"end":{"line":18,"column":667}},{"start":{"line":18,"column":412},"end":{"line":18,"column":667}}],"line":18},"13":{"loc":{"start":{"line":18,"column":477},"end":{"line":18,"column":549}},"type":"cond-expr","locations":[{"start":{"line":18,"column":501},"end":{"line":18,"column":542}},{"start":{"line":18,"column":545},"end":{"line":18,"column":549}}],"line":18},"14":{"loc":{"start":{"line":18,"column":551},"end":{"line":18,"column":665}},"type":"if","locations":[{"start":{"line":18,"column":551},"end":{"line":18,"column":665}},{"start":{"line":18,"column":551},"end":{"line":18,"column":665}}],"line":18},"15":{"loc":{"start":{"line":18,"column":555},"end":{"line":18,"column":585}},"type":"binary-expr","locations":[{"start":{"line":18,"column":555},"end":{"line":18,"column":559}},{"start":{"line":18,"column":564},"end":{"line":18,"column":572}},{"start":{"line":18,"column":576},"end":{"line":18,"column":584}}],"line":18},"16":{"loc":{"start":{"line":18,"column":695},"end":{"line":18,"column":733}},"type":"if","locations":[{"start":{"line":18,"column":695},"end":{"line":18,"column":733}},{"start":{"line":18,"column":695},"end":{"line":18,"column":733}}],"line":18},"17":{"loc":{"start":{"line":20,"column":46},"end":{"line":20,"column":94}},"type":"cond-expr","locations":[{"start":{"line":20,"column":70},"end":{"line":20,"column":73}},{"start":{"line":20,"column":76},"end":{"line":20,"column":94}}],"line":20},"18":{"loc":{"start":{"line":20,"column":46},"end":{"line":20,"column":67}},"type":"binary-expr","locations":[{"start":{"line":20,"column":46},"end":{"line":20,"column":49}},{"start":{"line":20,"column":53},"end":{"line":20,"column":67}}],"line":20},"19":{"loc":{"start":{"line":22,"column":176},"end":{"line":22,"column":263}},"type":"if","locations":[{"start":{"line":22,"column":176},"end":{"line":22,"column":263}},{"start":{"line":22,"column":176},"end":{"line":22,"column":263}}],"line":22},"20":{"loc":{"start":{"line":36,"column":6},"end":{"line":53,"column":7}},"type":"switch","locations":[{"start":{"line":37,"column":8},"end":{"line":44,"column":13}},{"start":{"line":46,"column":8},"end":{"line":48,"column":74}},{"start":{"line":50,"column":8},"end":{"line":50,"column":15}},{"start":{"line":51,"column":8},"end":{"line":52,"column":33}}],"line":36},"21":{"loc":{"start":{"line":39,"column":46},"end":{"line":39,"column":94}},"type":"cond-expr","locations":[{"start":{"line":39,"column":68},"end":{"line":39,"column":82}},{"start":{"line":39,"column":85},"end":{"line":39,"column":94}}],"line":39}},"s":{"0":1,"1":1,"2":1,"3":0,"4":0,"5":1,"6":1,"7":1,"8":1,"9":1,"10":1,"11":1,"12":0,"13":1,"14":1,"15":0,"16":1,"17":1,"18":0,"19":1,"20":0,"21":1,"22":1,"23":0,"24":1,"25":1,"26":1,"27":2,"28":2,"29":2,"30":0,"31":2,"32":1,"33":1,"34":1,"35":1,"36":2,"37":2,"38":2,"39":2,"40":0,"41":0,"42":2,"43":1,"44":1,"45":1,"46":1,"47":1,"48":1,"49":1,"50":2,"51":0,"52":1,"53":1,"54":1,"55":1,"56":1,"57":1,"58":1,"59":1,"60":1,"61":2,"62":2,"63":1,"64":1,"65":1,"66":1,"67":1,"68":1,"69":1},"f":{"0":1,"1":1,"2":0,"3":1,"4":0,"5":1,"6":2,"7":2,"8":1,"9":1,"10":1,"11":2,"12":0,"13":1,"14":2},"b":{"0":[1,0],"1":[1,1],"2":[0,0],"3":[0,0,0,0],"4":[0,1],"5":[0,1],"6":[1,1],"7":[0,1],"8":[1,1,0],"9":[0,1],"10":[1,1],"11":[1,1],"12":[2,0],"13":[2,0],"14":[0,2],"15":[2,2,2],"16":[1,0],"17":[1,1],"18":[2,2],"19":[1,1],"20":[1,1,1,1],"21":[1,0]},"inputSourceMap":{"version":3,"sources":["db.js"],"names":["process","env","MONGO_URI","NODE_ENV","MONGO_URI_TEST","console","log","connectDB","mongoose","connect","useNewUrlParser","useCreateIndex","useFindAndModify","useUnifiedTopology","conn","connection","host"],"mappings":";;;;;;;;;AAAA;;AACA;;AAEA;;;;;;;;;;;;AAEA;mBAEgDA,OAAO,CAACC,G;IAAhDC,S,gBAAAA,S;IAAWC,Q,gBAAAA,Q;IAAUC,c,gBAAAA,c;AAC7BC,OAAO,CAACC,GAAR,CAAYN,OAAO,CAACC,GAAR,CAAYE,QAAxB;AAEA,IAAMI,SAAS,GAAG,6FAAa;AAAA;AAAA;AAAA;AAAA;AAAA;AAAA;AAAA,iBACVC,qBAASC,OAAT,CACjBN,QAAQ,KAAK,MAAb,GAAsBC,cAAtB,GAAuCF,SADtB,EAEjB;AACEQ,YAAAA,eAAe,EAAE,IADnB;AAEEC,YAAAA,cAAc,EAAE,IAFlB;AAGEC,YAAAA,gBAAgB,EAAE,KAHpB;AAIEC,YAAAA,kBAAkB,EAAE;AAJtB,WAFiB,CADU;;AAAA;AACvBC,UAAAA,IADuB;AAU7BT,UAAAA,OAAO,CAACC,GAAR,8BAAkCQ,IAAI,CAACC,UAAL,CAAgBC,IAAlD;;AAV6B;AAAA;AAAA;AAAA;AAAA;AAAA;AAAA,CAAb,GAAlB;eAaeT,S","sourceRoot":"/Users/andela/Documents/My-Brand/server/src/config/","sourcesContent":["import mongoose from \"mongoose\";\nimport dotenv from \"dotenv\";\nimport { config } from \"dotenv\";\nimport asyncHandler from \"../middlewares/async\";\n\nconfig();\n\nconst { MONGO_URI, NODE_ENV, MONGO_URI_TEST } = process.env;\nconsole.log(process.env.NODE_ENV);\n\nconst connectDB = asyncHandler(async () => {\n  const conn = await mongoose.connect(\n    NODE_ENV === \"test\" ? MONGO_URI_TEST : MONGO_URI,\n    {\n      useNewUrlParser: true,\n      useCreateIndex: true,\n      useFindAndModify: false,\n      useUnifiedTopology: true,\n    }\n  );\n  console.log(`MongoDB Connected: ${conn.connection.host}`);\n});\n\nexport default connectDB;\n"]},"_coverageSchema":"1a1c01bbd47fc00a2c39e90264f33305004495a9","hash":"68e7ecf36f81fb9773f5c094b4e31f5b030f5d35","contentHash":"118c49502934a5823429a459c45c71c129512a017eb8dda56c52af93ae6c0e1d"},"/Users/andela/Documents/My-Brand/server/src/middlewares/async.js":{"path":"/Users/andela/Documents/My-Brand/server/src/middlewares/async.js","statementMap":{"0":{"start":{"line":3,"column":0},"end":{"line":5,"column":3}},"1":{"start":{"line":6,"column":0},"end":{"line":6,"column":28}},"2":{"start":{"line":8,"column":19},"end":{"line":12,"column":1}},"3":{"start":{"line":9,"column":2},"end":{"line":11,"column":4}},"4":{"start":{"line":10,"column":4},"end":{"line":10,"column":55}},"5":{"start":{"line":14,"column":15},"end":{"line":14,"column":27}},"6":{"start":{"line":15,"column":0},"end":{"line":15,"column":30}}},"fnMap":{"0":{"name":"asyncHandler","decl":{"start":{"line":8,"column":28},"end":{"line":8,"column":40}},"loc":{"start":{"line":8,"column":45},"end":{"line":12,"column":1}},"line":8},"1":{"name":"(anonymous_1)","decl":{"start":{"line":9,"column":9},"end":{"line":9,"column":10}},"loc":{"start":{"line":9,"column":35},"end":{"line":11,"column":3}},"line":9}},"branchMap":{},"s":{"0":1,"1":1,"2":1,"3":13,"4":15,"5":1,"6":1},"f":{"0":13,"1":15},"b":{},"inputSourceMap":{"version":3,"sources":["async.js"],"names":["asyncHandler","fn","req","res","next","Promise","resolve"],"mappings":";;;;;;;AAAA,IAAMA,YAAY,GAAG,SAAfA,YAAe,CAACC,EAAD;AAAA,SAAQ,UAACC,GAAD,EAAMC,GAAN,EAAWC,IAAX,EAAoB;AAC/CC,IAAAA,OAAO,CAACC,OAAR,CAAgBL,EAAE,CAACC,GAAD,EAAMC,GAAN,EAAWC,IAAX,CAAlB,WAA0CA,IAA1C;AACD,GAFoB;AAAA,CAArB;;eAIeJ,Y","sourceRoot":"/Users/andela/Documents/My-Brand/server/src/middlewares/","sourcesContent":["const asyncHandler = (fn) => (req, res, next) => {\n  Promise.resolve(fn(req, res, next)).catch(next);\n};\n\nexport default asyncHandler;\n"]},"_coverageSchema":"1a1c01bbd47fc00a2c39e90264f33305004495a9","hash":"705f3c495b8fc27e8830f7e2fa0b4ad1134062c1","contentHash":"8360ce3d13011c29606d9eff55565d35ad35405437b6f0ffe4f820810b63c8fc"},"/Users/andela/Documents/My-Brand/server/src/routes/index.js":{"path":"/Users/andela/Documents/My-Brand/server/src/routes/index.js","statementMap":{"0":{"start":{"line":3,"column":0},"end":{"line":5,"column":3}},"1":{"start":{"line":6,"column":0},"end":{"line":6,"column":28}},"2":{"start":{"line":8,"column":15},"end":{"line":8,"column":33}},"3":{"start":{"line":10,"column":12},"end":{"line":10,"column":53}},"4":{"start":{"line":12,"column":13},"end":{"line":12,"column":55}},"5":{"start":{"line":14,"column":12},"end":{"line":14,"column":53}},"6":{"start":{"line":16,"column":39},"end":{"line":16,"column":95}},"7":{"start":{"line":18,"column":13},"end":{"line":18,"column":35}},"8":{"start":{"line":19,"column":0},"end":{"line":19,"column":38}},"9":{"start":{"line":20,"column":0},"end":{"line":20,"column":40}},"10":{"start":{"line":21,"column":0},"end":{"line":21,"column":38}},"11":{"start":{"line":22,"column":15},"end":{"line":22,"column":21}},"12":{"start":{"line":23,"column":0},"end":{"line":23,"column":30}}},"fnMap":{"0":{"name":"_interopRequireDefault","decl":{"start":{"line":16,"column":9},"end":{"line":16,"column":31}},"loc":{"start":{"line":16,"column":37},"end":{"line":16,"column":97}},"line":16}},"branchMap":{"0":{"loc":{"start":{"line":16,"column":46},"end":{"line":16,"column":94}},"type":"cond-expr","locations":[{"start":{"line":16,"column":70},"end":{"line":16,"column":73}},{"start":{"line":16,"column":76},"end":{"line":16,"column":94}}],"line":16},"1":{"loc":{"start":{"line":16,"column":46},"end":{"line":16,"column":67}},"type":"binary-expr","locations":[{"start":{"line":16,"column":46},"end":{"line":16,"column":49}},{"start":{"line":16,"column":53},"end":{"line":16,"column":67}}],"line":16}},"s":{"0":1,"1":1,"2":1,"3":1,"4":1,"5":1,"6":3,"7":1,"8":1,"9":1,"10":1,"11":1,"12":1},"f":{"0":3},"b":{"0":[3,0],"1":[3,3]},"inputSourceMap":{"version":3,"sources":["index.js"],"names":["router","use","blogRoutes","queryRoutes","userRoutes"],"mappings":";;;;;;;AAAA;;AACA;;AACA;;AACA;;;;AAEA,IAAMA,MAAM,GAAG,sBAAf;AAEAA,MAAM,CAACC,GAAP,CAAW,OAAX,EAAoBC,gBAApB;AACAF,MAAM,CAACC,GAAP,CAAW,QAAX,EAAqBE,iBAArB;AACAH,MAAM,CAACC,GAAP,CAAW,OAAX,EAAoBG,gBAApB;eAEeJ,M","sourceRoot":"/Users/andela/Documents/My-Brand/server/src/routes/","sourcesContent":["import { Router } from \"express\";\nimport blogRoutes from \"./blog\";\nimport queryRoutes from \"./query\";\nimport userRoutes from \"./user\";\n\nconst router = Router();\n\nrouter.use(\"/blog\", blogRoutes);\nrouter.use(\"/query\", queryRoutes);\nrouter.use(\"/user\", userRoutes);\n\nexport default router;\n"]},"_coverageSchema":"1a1c01bbd47fc00a2c39e90264f33305004495a9","hash":"aa8a2fb79793f43dc5e59f814714e0dee40f3c14","contentHash":"b354d4a22c40ccd639b78e64c7ac41161746df9bf9c0320120ba4dd738ffc1bb"},"/Users/andela/Documents/My-Brand/server/src/routes/blog.js":{"path":"/Users/andela/Documents/My-Brand/server/src/routes/blog.js","statementMap":{"0":{"start":{"line":3,"column":0},"end":{"line":5,"column":3}},"1":{"start":{"line":6,"column":0},"end":{"line":6,"column":28}},"2":{"start":{"line":8,"column":15},"end":{"line":8,"column":57}},"3":{"start":{"line":10,"column":12},"end":{"line":10,"column":66}},"4":{"start":{"line":12,"column":13},"end":{"line":12,"column":68}},"5":{"start":{"line":14,"column":12},"end":{"line":14,"column":42}},"6":{"start":{"line":16,"column":39},"end":{"line":16,"column":95}},"7":{"start":{"line":18,"column":13},"end":{"line":18,"column":41}},"8":{"start":{"line":20,"column":0},"end":{"line":20,"column":125}},"9":{"start":{"line":21,"column":0},"end":{"line":21,"column":219}},"10":{"start":{"line":22,"column":0},"end":{"line":22,"column":85}},"11":{"start":{"line":23,"column":15},"end":{"line":23,"column":21}},"12":{"start":{"line":24,"column":0},"end":{"line":24,"column":30}}},"fnMap":{"0":{"name":"_interopRequireDefault","decl":{"start":{"line":16,"column":9},"end":{"line":16,"column":31}},"loc":{"start":{"line":16,"column":37},"end":{"line":16,"column":97}},"line":16}},"branchMap":{"0":{"loc":{"start":{"line":16,"column":46},"end":{"line":16,"column":94}},"type":"cond-expr","locations":[{"start":{"line":16,"column":70},"end":{"line":16,"column":73}},{"start":{"line":16,"column":76},"end":{"line":16,"column":94}}],"line":16},"1":{"loc":{"start":{"line":16,"column":46},"end":{"line":16,"column":67}},"type":"binary-expr","locations":[{"start":{"line":16,"column":46},"end":{"line":16,"column":49}},{"start":{"line":16,"column":53},"end":{"line":16,"column":67}}],"line":16}},"s":{"0":1,"1":1,"2":1,"3":1,"4":1,"5":1,"6":3,"7":1,"8":1,"9":1,"10":1,"11":1,"12":1},"f":{"0":3},"b":{"0":[2,1],"1":[3,3]},"inputSourceMap":{"version":3,"sources":["blog.js"],"names":["router","express","Router","route","post","blog","create","get","getAll","getOne","put","protect","update","comment"],"mappings":";;;;;;;AAAA;;AACA;;AACA;;AACA;;;;AAEA,IAAMA,MAAM,GAAGC,oBAAQC,MAAR,EAAf;;AAEAF,MAAM,CACHG,KADH,CACS,GADT,EAEGC,IAFH,CAEQ,uBAAaC,iBAAKC,MAAlB,CAFR,EAGGC,GAHH,CAGO,uBAAaF,iBAAKG,MAAlB,CAHP;AAIAR,MAAM,CACHG,KADH,CACS,MADT,EAEGI,GAFH,CAEO,uBAAaF,iBAAKI,MAAlB,CAFP,EAGGC,GAHH,CAGO,uBAAaC,aAAb,EAAsBN,iBAAKO,MAA3B,CAHP,YAIU,uBAAaD,aAAb,EAAsBN,0BAAtB,CAJV;AAMAL,MAAM,CAACG,KAAP,CAAa,eAAb,EAA8BC,IAA9B,CAAmC,uBAAaC,iBAAKQ,OAAlB,CAAnC;eAEeb,M","sourceRoot":"/Users/andela/Documents/My-Brand/server/src/routes/","sourcesContent":["import express from \"express\";\nimport blog from \"../controllers/blog\";\nimport asyncHandler from \"../middlewares/async\";\nimport { protect } from \"../middlewares/auth\";\n\nconst router = express.Router();\n\nrouter\n  .route(\"/\")\n  .post(asyncHandler(blog.create))\n  .get(asyncHandler(blog.getAll));\nrouter\n  .route(\"/:id\")\n  .get(asyncHandler(blog.getOne))\n  .put(asyncHandler(protect, blog.update))\n  .delete(asyncHandler(protect, blog.delete));\n\nrouter.route(\"/:id/comments\").post(asyncHandler(blog.comment));\n\nexport default router;\n"]},"_coverageSchema":"1a1c01bbd47fc00a2c39e90264f33305004495a9","hash":"078c2801610e0d909ee4916e6cad783ca6eb033a","contentHash":"3cc4804549fe2139be50b902619a09d7da457ef3897568453cae2379c5f9bea5"},"/Users/andela/Documents/My-Brand/server/src/controllers/blog.js":{"path":"/Users/andela/Documents/My-Brand/server/src/controllers/blog.js","statementMap":{"0":{"start":{"line":3,"column":0},"end":{"line":5,"column":3}},"1":{"start":{"line":6,"column":0},"end":{"line":6,"column":28}},"2":{"start":{"line":8,"column":18},"end":{"line":8,"column":73}},"3":{"start":{"line":10,"column":12},"end":{"line":10,"column":60}},"4":{"start":{"line":12,"column":16},"end":{"line":12,"column":67}},"5":{"start":{"line":14,"column":21},"end":{"line":14,"column":77}},"6":{"start":{"line":16,"column":39},"end":{"line":16,"column":95}},"7":{"start":{"line":18,"column":54},"end":{"line":18,"column":73}},"8":{"start":{"line":18,"column":75},"end":{"line":18,"column":326}},"9":{"start":{"line":18,"column":125},"end":{"line":18,"column":161}},"10":{"start":{"line":18,"column":163},"end":{"line":18,"column":292}},"11":{"start":{"line":18,"column":183},"end":{"line":18,"column":292}},"12":{"start":{"line":18,"column":225},"end":{"line":18,"column":288}},"13":{"start":{"line":18,"column":293},"end":{"line":18,"column":324}},"14":{"start":{"line":18,"column":327},"end":{"line":18,"column":339}},"15":{"start":{"line":20,"column":33},"end":{"line":20,"column":517}},"16":{"start":{"line":20,"column":46},"end":{"line":20,"column":47}},"17":{"start":{"line":20,"column":91},"end":{"line":20,"column":131}},"18":{"start":{"line":20,"column":133},"end":{"line":20,"column":515}},"19":{"start":{"line":20,"column":146},"end":{"line":20,"column":247}},"20":{"start":{"line":20,"column":201},"end":{"line":20,"column":243}},"21":{"start":{"line":20,"column":255},"end":{"line":20,"column":515}},"22":{"start":{"line":20,"column":295},"end":{"line":20,"column":369}},"23":{"start":{"line":20,"column":379},"end":{"line":20,"column":513}},"24":{"start":{"line":20,"column":428},"end":{"line":20,"column":509}},"25":{"start":{"line":20,"column":518},"end":{"line":20,"column":532}},"26":{"start":{"line":22,"column":44},"end":{"line":22,"column":195}},"27":{"start":{"line":22,"column":62},"end":{"line":22,"column":166}},"28":{"start":{"line":22,"column":176},"end":{"line":22,"column":193}},"29":{"start":{"line":22,"column":196},"end":{"line":22,"column":207}},"30":{"start":{"line":24,"column":77},"end":{"line":24,"column":175}},"31":{"start":{"line":24,"column":94},"end":{"line":24,"column":107}},"32":{"start":{"line":24,"column":121},"end":{"line":24,"column":131}},"33":{"start":{"line":24,"column":151},"end":{"line":24,"column":165}},"34":{"start":{"line":24,"column":166},"end":{"line":24,"column":173}},"35":{"start":{"line":24,"column":176},"end":{"line":24,"column":263}},"36":{"start":{"line":24,"column":193},"end":{"line":24,"column":208}},"37":{"start":{"line":24,"column":218},"end":{"line":24,"column":261}},"38":{"start":{"line":26,"column":33},"end":{"line":26,"column":387}},"39":{"start":{"line":26,"column":65},"end":{"line":26,"column":69}},"40":{"start":{"line":26,"column":78},"end":{"line":26,"column":87}},"41":{"start":{"line":26,"column":89},"end":{"line":26,"column":384}},"42":{"start":{"line":26,"column":147},"end":{"line":26,"column":167}},"43":{"start":{"line":26,"column":193},"end":{"line":26,"column":264}},"44":{"start":{"line":26,"column":290},"end":{"line":26,"column":360}},"45":{"start":{"line":26,"column":363},"end":{"line":26,"column":380}},"46":{"start":{"line":28,"column":50},"end":{"line":28,"column":151}},"47":{"start":{"line":28,"column":92},"end":{"line":28,"column":149}},"48":{"start":{"line":30,"column":44},"end":{"line":30,"column":315}},"49":{"start":{"line":30,"column":57},"end":{"line":30,"column":58}},"50":{"start":{"line":30,"column":102},"end":{"line":30,"column":110}},"51":{"start":{"line":30,"column":112},"end":{"line":30,"column":167}},"52":{"start":{"line":30,"column":168},"end":{"line":30,"column":199}},"53":{"start":{"line":30,"column":200},"end":{"line":30,"column":254}},"54":{"start":{"line":30,"column":227},"end":{"line":30,"column":254}},"55":{"start":{"line":30,"column":255},"end":{"line":30,"column":313}},"56":{"start":{"line":32,"column":62},"end":{"line":32,"column":131}},"57":{"start":{"line":32,"column":78},"end":{"line":32,"column":131}},"58":{"start":{"line":32,"column":132},"end":{"line":32,"column":193}},"59":{"start":{"line":32,"column":149},"end":{"line":32,"column":193}},"60":{"start":{"line":32,"column":194},"end":{"line":32,"column":213}},"61":{"start":{"line":34,"column":24},"end":{"line":309,"column":3}},"62":{"start":{"line":36,"column":4},"end":{"line":36,"column":32}},"63":{"start":{"line":39,"column":2},"end":{"line":306,"column":6}},"64":{"start":{"line":42,"column":20},"end":{"line":85,"column":9}},"65":{"start":{"line":44,"column":8},"end":{"line":84,"column":20}},"66":{"start":{"line":45,"column":10},"end":{"line":83,"column":11}},"67":{"start":{"line":46,"column":12},"end":{"line":82,"column":13}},"68":{"start":{"line":48,"column":16},"end":{"line":48,"column":34}},"69":{"start":{"line":49,"column":16},"end":{"line":53,"column":20}},"70":{"start":{"line":56,"column":16},"end":{"line":56,"column":37}},"71":{"start":{"line":58,"column":16},"end":{"line":61,"column":17}},"72":{"start":{"line":59,"column":18},"end":{"line":59,"column":37}},"73":{"start":{"line":60,"column":18},"end":{"line":60,"column":24}},"74":{"start":{"line":63,"column":16},"end":{"line":63,"column":51}},"75":{"start":{"line":64,"column":16},"end":{"line":64,"column":34}},"76":{"start":{"line":65,"column":16},"end":{"line":67,"column":19}},"77":{"start":{"line":66,"column":18},"end":{"line":66,"column":32}},"78":{"start":{"line":70,"column":16},"end":{"line":70,"column":39}},"79":{"start":{"line":71,"column":16},"end":{"line":71,"column":43}},"80":{"start":{"line":72,"column":16},"end":{"line":72,"column":48}},"81":{"start":{"line":73,"column":16},"end":{"line":73,"column":28}},"82":{"start":{"line":74,"column":16},"end":{"line":77,"column":20}},"83":{"start":{"line":81,"column":16},"end":{"line":81,"column":39}},"84":{"start":{"line":88,"column":8},"end":{"line":88,"column":46}},"85":{"start":{"line":91,"column":6},"end":{"line":91,"column":20}},"86":{"start":{"line":96,"column":20},"end":{"line":119,"column":9}},"87":{"start":{"line":98,"column":8},"end":{"line":118,"column":21}},"88":{"start":{"line":99,"column":10},"end":{"line":117,"column":11}},"89":{"start":{"line":100,"column":12},"end":{"line":116,"column":13}},"90":{"start":{"line":102,"column":16},"end":{"line":102,"column":35}},"91":{"start":{"line":103,"column":16},"end":{"line":103,"column":47}},"92":{"start":{"line":106,"column":16},"end":{"line":106,"column":38}},"93":{"start":{"line":107,"column":16},"end":{"line":111,"column":19}},"94":{"start":{"line":115,"column":16},"end":{"line":115,"column":40}},"95":{"start":{"line":122,"column":8},"end":{"line":122,"column":46}},"96":{"start":{"line":125,"column":6},"end":{"line":125,"column":20}},"97":{"start":{"line":130,"column":20},"end":{"line":161,"column":9}},"98":{"start":{"line":132,"column":8},"end":{"line":160,"column":21}},"99":{"start":{"line":133,"column":10},"end":{"line":159,"column":11}},"100":{"start":{"line":134,"column":12},"end":{"line":158,"column":13}},"101":{"start":{"line":136,"column":16},"end":{"line":136,"column":35}},"102":{"start":{"line":137,"column":16},"end":{"line":137,"column":85}},"103":{"start":{"line":140,"column":16},"end":{"line":140,"column":38}},"104":{"start":{"line":142,"column":16},"end":{"line":145,"column":17}},"105":{"start":{"line":143,"column":18},"end":{"line":143,"column":37}},"106":{"start":{"line":144,"column":18},"end":{"line":144,"column":24}},"107":{"start":{"line":147,"column":16},"end":{"line":147,"column":144}},"108":{"start":{"line":150,"column":16},"end":{"line":153,"column":20}},"109":{"start":{"line":157,"column":16},"end":{"line":157,"column":40}},"110":{"start":{"line":164,"column":8},"end":{"line":164,"column":46}},"111":{"start":{"line":167,"column":6},"end":{"line":167,"column":20}},"112":{"start":{"line":172,"column":20},"end":{"line":206,"column":9}},"113":{"start":{"line":174,"column":8},"end":{"line":205,"column":21}},"114":{"start":{"line":175,"column":10},"end":{"line":204,"column":11}},"115":{"start":{"line":176,"column":12},"end":{"line":203,"column":13}},"116":{"start":{"line":178,"column":16},"end":{"line":178,"column":35}},"117":{"start":{"line":179,"column":16},"end":{"line":182,"column":19}},"118":{"start":{"line":185,"column":16},"end":{"line":185,"column":38}},"119":{"start":{"line":187,"column":16},"end":{"line":190,"column":17}},"120":{"start":{"line":188,"column":18},"end":{"line":188,"column":37}},"121":{"start":{"line":189,"column":18},"end":{"line":189,"column":24}},"122":{"start":{"line":192,"column":16},"end":{"line":192,"column":144}},"123":{"start":{"line":195,"column":16},"end":{"line":198,"column":20}},"124":{"start":{"line":202,"column":16},"end":{"line":202,"column":40}},"125":{"start":{"line":209,"column":8},"end":{"line":209,"column":46}},"126":{"start":{"line":212,"column":6},"end":{"line":212,"column":20}},"127":{"start":{"line":217,"column":21},"end":{"line":248,"column":9}},"128":{"start":{"line":219,"column":8},"end":{"line":247,"column":21}},"129":{"start":{"line":220,"column":10},"end":{"line":246,"column":11}},"130":{"start":{"line":221,"column":12},"end":{"line":245,"column":13}},"131":{"start":{"line":223,"column":16},"end":{"line":223,"column":35}},"132":{"start":{"line":224,"column":16},"end":{"line":224,"column":73}},"133":{"start":{"line":227,"column":16},"end":{"line":227,"column":38}},"134":{"start":{"line":229,"column":16},"end":{"line":232,"column":17}},"135":{"start":{"line":230,"column":18},"end":{"line":230,"column":37}},"136":{"start":{"line":231,"column":18},"end":{"line":231,"column":24}},"137":{"start":{"line":234,"column":16},"end":{"line":234,"column":144}},"138":{"start":{"line":237,"column":16},"end":{"line":240,"column":20}},"139":{"start":{"line":244,"column":16},"end":{"line":244,"column":40}},"140":{"start":{"line":251,"column":8},"end":{"line":251,"column":47}},"141":{"start":{"line":254,"column":6},"end":{"line":254,"column":21}},"142":{"start":{"line":259,"column":21},"end":{"line":298,"column":9}},"143":{"start":{"line":262,"column":8},"end":{"line":297,"column":21}},"144":{"start":{"line":263,"column":10},"end":{"line":296,"column":11}},"145":{"start":{"line":264,"column":12},"end":{"line":295,"column":13}},"146":{"start":{"line":266,"column":16},"end":{"line":266,"column":89}},"147":{"start":{"line":267,"column":16},"end":{"line":267,"column":35}},"148":{"start":{"line":268,"column":16},"end":{"line":271,"column":19}},"149":{"start":{"line":274,"column":16},"end":{"line":274,"column":41}},"150":{"start":{"line":275,"column":16},"end":{"line":275,"column":35}},"151":{"start":{"line":276,"column":16},"end":{"line":276,"column":64}},"152":{"start":{"line":279,"column":16},"end":{"line":279,"column":38}},"153":{"start":{"line":280,"column":16},"end":{"line":280,"column":47}},"154":{"start":{"line":281,"column":16},"end":{"line":281,"column":40}},"155":{"start":{"line":282,"column":16},"end":{"line":282,"column":36}},"156":{"start":{"line":283,"column":16},"end":{"line":283,"column":35}},"157":{"start":{"line":286,"column":16},"end":{"line":290,"column":20}},"158":{"start":{"line":294,"column":16},"end":{"line":294,"column":40}},"159":{"start":{"line":301,"column":8},"end":{"line":301,"column":47}},"160":{"start":{"line":304,"column":6},"end":{"line":304,"column":21}},"161":{"start":{"line":308,"column":2},"end":{"line":308,"column":14}},"162":{"start":{"line":311,"column":15},"end":{"line":311,"column":19}},"163":{"start":{"line":312,"column":0},"end":{"line":312,"column":30}}},"fnMap":{"0":{"name":"_interopRequireDefault","decl":{"start":{"line":16,"column":9},"end":{"line":16,"column":31}},"loc":{"start":{"line":16,"column":37},"end":{"line":16,"column":97}},"line":16},"1":{"name":"ownKeys","decl":{"start":{"line":18,"column":9},"end":{"line":18,"column":16}},"loc":{"start":{"line":18,"column":41},"end":{"line":18,"column":341}},"line":18},"2":{"name":"(anonymous_2)","decl":{"start":{"line":18,"column":208},"end":{"line":18,"column":209}},"loc":{"start":{"line":18,"column":223},"end":{"line":18,"column":290}},"line":18},"3":{"name":"_objectSpread","decl":{"start":{"line":20,"column":9},"end":{"line":20,"column":22}},"loc":{"start":{"line":20,"column":31},"end":{"line":20,"column":534}},"line":20},"4":{"name":"(anonymous_4)","decl":{"start":{"line":20,"column":184},"end":{"line":20,"column":185}},"loc":{"start":{"line":20,"column":199},"end":{"line":20,"column":245}},"line":20},"5":{"name":"(anonymous_5)","decl":{"start":{"line":20,"column":411},"end":{"line":20,"column":412}},"loc":{"start":{"line":20,"column":426},"end":{"line":20,"column":511}},"line":20},"6":{"name":"_defineProperty","decl":{"start":{"line":22,"column":9},"end":{"line":22,"column":24}},"loc":{"start":{"line":22,"column":42},"end":{"line":22,"column":209}},"line":22},"7":{"name":"asyncGeneratorStep","decl":{"start":{"line":24,"column":9},"end":{"line":24,"column":27}},"loc":{"start":{"line":24,"column":75},"end":{"line":24,"column":265}},"line":24},"8":{"name":"_asyncToGenerator","decl":{"start":{"line":26,"column":9},"end":{"line":26,"column":26}},"loc":{"start":{"line":26,"column":31},"end":{"line":26,"column":389}},"line":26},"9":{"name":"(anonymous_9)","decl":{"start":{"line":26,"column":40},"end":{"line":26,"column":41}},"loc":{"start":{"line":26,"column":52},"end":{"line":26,"column":386}},"line":26},"10":{"name":"(anonymous_10)","decl":{"start":{"line":26,"column":108},"end":{"line":26,"column":109}},"loc":{"start":{"line":26,"column":135},"end":{"line":26,"column":382}},"line":26},"11":{"name":"_next","decl":{"start":{"line":26,"column":178},"end":{"line":26,"column":183}},"loc":{"start":{"line":26,"column":191},"end":{"line":26,"column":266}},"line":26},"12":{"name":"_throw","decl":{"start":{"line":26,"column":276},"end":{"line":26,"column":282}},"loc":{"start":{"line":26,"column":288},"end":{"line":26,"column":362}},"line":26},"13":{"name":"_classCallCheck","decl":{"start":{"line":28,"column":9},"end":{"line":28,"column":24}},"loc":{"start":{"line":28,"column":48},"end":{"line":28,"column":153}},"line":28},"14":{"name":"_defineProperties","decl":{"start":{"line":30,"column":9},"end":{"line":30,"column":26}},"loc":{"start":{"line":30,"column":42},"end":{"line":30,"column":317}},"line":30},"15":{"name":"_createClass","decl":{"start":{"line":32,"column":9},"end":{"line":32,"column":21}},"loc":{"start":{"line":32,"column":60},"end":{"line":32,"column":215}},"line":32},"16":{"name":"(anonymous_16)","decl":{"start":{"line":34,"column":24},"end":{"line":34,"column":25}},"loc":{"start":{"line":34,"column":36},"end":{"line":309,"column":1}},"line":34},"17":{"name":"blog","decl":{"start":{"line":35,"column":11},"end":{"line":35,"column":15}},"loc":{"start":{"line":35,"column":18},"end":{"line":37,"column":3}},"line":35},"18":{"name":"(anonymous_18)","decl":{"start":{"line":41,"column":11},"end":{"line":41,"column":12}},"loc":{"start":{"line":41,"column":23},"end":{"line":92,"column":5}},"line":41},"19":{"name":"_callee","decl":{"start":{"line":42,"column":85},"end":{"line":42,"column":92}},"loc":{"start":{"line":42,"column":109},"end":{"line":85,"column":7}},"line":42},"20":{"name":"_callee$","decl":{"start":{"line":44,"column":48},"end":{"line":44,"column":56}},"loc":{"start":{"line":44,"column":67},"end":{"line":84,"column":9}},"line":44},"21":{"name":"(anonymous_21)","decl":{"start":{"line":65,"column":58},"end":{"line":65,"column":59}},"loc":{"start":{"line":65,"column":79},"end":{"line":67,"column":17}},"line":65},"22":{"name":"create","decl":{"start":{"line":87,"column":15},"end":{"line":87,"column":21}},"loc":{"start":{"line":87,"column":36},"end":{"line":89,"column":7}},"line":87},"23":{"name":"(anonymous_23)","decl":{"start":{"line":95,"column":11},"end":{"line":95,"column":12}},"loc":{"start":{"line":95,"column":23},"end":{"line":126,"column":5}},"line":95},"24":{"name":"_callee2","decl":{"start":{"line":96,"column":85},"end":{"line":96,"column":93}},"loc":{"start":{"line":96,"column":110},"end":{"line":119,"column":7}},"line":96},"25":{"name":"_callee2$","decl":{"start":{"line":98,"column":48},"end":{"line":98,"column":57}},"loc":{"start":{"line":98,"column":69},"end":{"line":118,"column":9}},"line":98},"26":{"name":"getAll","decl":{"start":{"line":121,"column":15},"end":{"line":121,"column":21}},"loc":{"start":{"line":121,"column":37},"end":{"line":123,"column":7}},"line":121},"27":{"name":"(anonymous_27)","decl":{"start":{"line":129,"column":11},"end":{"line":129,"column":12}},"loc":{"start":{"line":129,"column":23},"end":{"line":168,"column":5}},"line":129},"28":{"name":"_callee3","decl":{"start":{"line":130,"column":85},"end":{"line":130,"column":93}},"loc":{"start":{"line":130,"column":110},"end":{"line":161,"column":7}},"line":130},"29":{"name":"_callee3$","decl":{"start":{"line":132,"column":48},"end":{"line":132,"column":57}},"loc":{"start":{"line":132,"column":69},"end":{"line":160,"column":9}},"line":132},"30":{"name":"getOne","decl":{"start":{"line":163,"column":15},"end":{"line":163,"column":21}},"loc":{"start":{"line":163,"column":37},"end":{"line":165,"column":7}},"line":163},"31":{"name":"(anonymous_31)","decl":{"start":{"line":171,"column":11},"end":{"line":171,"column":12}},"loc":{"start":{"line":171,"column":23},"end":{"line":213,"column":5}},"line":171},"32":{"name":"_callee4","decl":{"start":{"line":172,"column":85},"end":{"line":172,"column":93}},"loc":{"start":{"line":172,"column":110},"end":{"line":206,"column":7}},"line":172},"33":{"name":"_callee4$","decl":{"start":{"line":174,"column":48},"end":{"line":174,"column":57}},"loc":{"start":{"line":174,"column":69},"end":{"line":205,"column":9}},"line":174},"34":{"name":"update","decl":{"start":{"line":208,"column":15},"end":{"line":208,"column":21}},"loc":{"start":{"line":208,"column":40},"end":{"line":210,"column":7}},"line":208},"35":{"name":"(anonymous_35)","decl":{"start":{"line":216,"column":11},"end":{"line":216,"column":12}},"loc":{"start":{"line":216,"column":23},"end":{"line":255,"column":5}},"line":216},"36":{"name":"_callee5","decl":{"start":{"line":217,"column":86},"end":{"line":217,"column":94}},"loc":{"start":{"line":217,"column":111},"end":{"line":248,"column":7}},"line":217},"37":{"name":"_callee5$","decl":{"start":{"line":219,"column":48},"end":{"line":219,"column":57}},"loc":{"start":{"line":219,"column":69},"end":{"line":247,"column":9}},"line":219},"38":{"name":"_delete","decl":{"start":{"line":250,"column":15},"end":{"line":250,"column":22}},"loc":{"start":{"line":250,"column":41},"end":{"line":252,"column":7}},"line":250},"39":{"name":"(anonymous_39)","decl":{"start":{"line":258,"column":11},"end":{"line":258,"column":12}},"loc":{"start":{"line":258,"column":23},"end":{"line":305,"column":5}},"line":258},"40":{"name":"_callee6","decl":{"start":{"line":259,"column":86},"end":{"line":259,"column":94}},"loc":{"start":{"line":259,"column":111},"end":{"line":298,"column":7}},"line":259},"41":{"name":"_callee6$","decl":{"start":{"line":262,"column":48},"end":{"line":262,"column":57}},"loc":{"start":{"line":262,"column":69},"end":{"line":297,"column":9}},"line":262},"42":{"name":"comment","decl":{"start":{"line":300,"column":15},"end":{"line":300,"column":22}},"loc":{"start":{"line":300,"column":41},"end":{"line":302,"column":7}},"line":300}},"branchMap":{"0":{"loc":{"start":{"line":16,"column":46},"end":{"line":16,"column":94}},"type":"cond-expr","locations":[{"start":{"line":16,"column":70},"end":{"line":16,"column":73}},{"start":{"line":16,"column":76},"end":{"line":16,"column":94}}],"line":16},"1":{"loc":{"start":{"line":16,"column":46},"end":{"line":16,"column":67}},"type":"binary-expr","locations":[{"start":{"line":16,"column":46},"end":{"line":16,"column":49}},{"start":{"line":16,"column":53},"end":{"line":16,"column":67}}],"line":16},"2":{"loc":{"start":{"line":18,"column":75},"end":{"line":18,"column":326}},"type":"if","locations":[{"start":{"line":18,"column":75},"end":{"line":18,"column":326}},{"start":{"line":18,"column":75},"end":{"line":18,"column":326}}],"line":18},"3":{"loc":{"start":{"line":18,"column":163},"end":{"line":18,"column":292}},"type":"if","locations":[{"start":{"line":18,"column":163},"end":{"line":18,"column":292}},{"start":{"line":18,"column":163},"end":{"line":18,"column":292}}],"line":18},"4":{"loc":{"start":{"line":20,"column":91},"end":{"line":20,"column":131}},"type":"cond-expr","locations":[{"start":{"line":20,"column":114},"end":{"line":20,"column":126}},{"start":{"line":20,"column":129},"end":{"line":20,"column":131}}],"line":20},"5":{"loc":{"start":{"line":20,"column":133},"end":{"line":20,"column":515}},"type":"if","locations":[{"start":{"line":20,"column":133},"end":{"line":20,"column":515}},{"start":{"line":20,"column":133},"end":{"line":20,"column":515}}],"line":20},"6":{"loc":{"start":{"line":20,"column":255},"end":{"line":20,"column":515}},"type":"if","locations":[{"start":{"line":20,"column":255},"end":{"line":20,"column":515}},{"start":{"line":20,"column":255},"end":{"line":20,"column":515}}],"line":20},"7":{"loc":{"start":{"line":22,"column":44},"end":{"line":22,"column":195}},"type":"if","locations":[{"start":{"line":22,"column":44},"end":{"line":22,"column":195}},{"start":{"line":22,"column":44},"end":{"line":22,"column":195}}],"line":22},"8":{"loc":{"start":{"line":24,"column":176},"end":{"line":24,"column":263}},"type":"if","locations":[{"start":{"line":24,"column":176},"end":{"line":24,"column":263}},{"start":{"line":24,"column":176},"end":{"line":24,"column":263}}],"line":24},"9":{"loc":{"start":{"line":28,"column":50},"end":{"line":28,"column":151}},"type":"if","locations":[{"start":{"line":28,"column":50},"end":{"line":28,"column":151}},{"start":{"line":28,"column":50},"end":{"line":28,"column":151}}],"line":28},"10":{"loc":{"start":{"line":30,"column":136},"end":{"line":30,"column":166}},"type":"binary-expr","locations":[{"start":{"line":30,"column":136},"end":{"line":30,"column":157}},{"start":{"line":30,"column":161},"end":{"line":30,"column":166}}],"line":30},"11":{"loc":{"start":{"line":30,"column":200},"end":{"line":30,"column":254}},"type":"if","locations":[{"start":{"line":30,"column":200},"end":{"line":30,"column":254}},{"start":{"line":30,"column":200},"end":{"line":30,"column":254}}],"line":30},"12":{"loc":{"start":{"line":32,"column":62},"end":{"line":32,"column":131}},"type":"if","locations":[{"start":{"line":32,"column":62},"end":{"line":32,"column":131}},{"start":{"line":32,"column":62},"end":{"line":32,"column":131}}],"line":32},"13":{"loc":{"start":{"line":32,"column":132},"end":{"line":32,"column":193}},"type":"if","locations":[{"start":{"line":32,"column":132},"end":{"line":32,"column":193}},{"start":{"line":32,"column":132},"end":{"line":32,"column":193}}],"line":32},"14":{"loc":{"start":{"line":46,"column":12},"end":{"line":82,"column":13}},"type":"switch","locations":[{"start":{"line":47,"column":14},"end":{"line":53,"column":20}},{"start":{"line":55,"column":14},"end":{"line":67,"column":19}},{"start":{"line":69,"column":14},"end":{"line":77,"column":20}},{"start":{"line":79,"column":14},"end":{"line":79,"column":22}},{"start":{"line":80,"column":14},"end":{"line":81,"column":39}}],"line":46},"15":{"loc":{"start":{"line":58,"column":16},"end":{"line":61,"column":17}},"type":"if","locations":[{"start":{"line":58,"column":16},"end":{"line":61,"column":17}},{"start":{"line":58,"column":16},"end":{"line":61,"column":17}}],"line":58},"16":{"loc":{"start":{"line":100,"column":12},"end":{"line":116,"column":13}},"type":"switch","locations":[{"start":{"line":101,"column":14},"end":{"line":103,"column":47}},{"start":{"line":105,"column":14},"end":{"line":111,"column":19}},{"start":{"line":113,"column":14},"end":{"line":113,"column":21}},{"start":{"line":114,"column":14},"end":{"line":115,"column":40}}],"line":100},"17":{"loc":{"start":{"line":134,"column":12},"end":{"line":158,"column":13}},"type":"switch","locations":[{"start":{"line":135,"column":14},"end":{"line":137,"column":85}},{"start":{"line":139,"column":14},"end":{"line":147,"column":144}},{"start":{"line":149,"column":14},"end":{"line":153,"column":20}},{"start":{"line":155,"column":14},"end":{"line":155,"column":21}},{"start":{"line":156,"column":14},"end":{"line":157,"column":40}}],"line":134},"18":{"loc":{"start":{"line":142,"column":16},"end":{"line":145,"column":17}},"type":"if","locations":[{"start":{"line":142,"column":16},"end":{"line":145,"column":17}},{"start":{"line":142,"column":16},"end":{"line":145,"column":17}}],"line":142},"19":{"loc":{"start":{"line":176,"column":12},"end":{"line":203,"column":13}},"type":"switch","locations":[{"start":{"line":177,"column":14},"end":{"line":182,"column":19}},{"start":{"line":184,"column":14},"end":{"line":192,"column":144}},{"start":{"line":194,"column":14},"end":{"line":198,"column":20}},{"start":{"line":200,"column":14},"end":{"line":200,"column":21}},{"start":{"line":201,"column":14},"end":{"line":202,"column":40}}],"line":176},"20":{"loc":{"start":{"line":187,"column":16},"end":{"line":190,"column":17}},"type":"if","locations":[{"start":{"line":187,"column":16},"end":{"line":190,"column":17}},{"start":{"line":187,"column":16},"end":{"line":190,"column":17}}],"line":187},"21":{"loc":{"start":{"line":221,"column":12},"end":{"line":245,"column":13}},"type":"switch","locations":[{"start":{"line":222,"column":14},"end":{"line":224,"column":73}},{"start":{"line":226,"column":14},"end":{"line":234,"column":144}},{"start":{"line":236,"column":14},"end":{"line":240,"column":20}},{"start":{"line":242,"column":14},"end":{"line":242,"column":21}},{"start":{"line":243,"column":14},"end":{"line":244,"column":40}}],"line":221},"22":{"loc":{"start":{"line":229,"column":16},"end":{"line":232,"column":17}},"type":"if","locations":[{"start":{"line":229,"column":16},"end":{"line":232,"column":17}},{"start":{"line":229,"column":16},"end":{"line":232,"column":17}}],"line":229},"23":{"loc":{"start":{"line":264,"column":12},"end":{"line":295,"column":13}},"type":"switch","locations":[{"start":{"line":265,"column":14},"end":{"line":271,"column":19}},{"start":{"line":273,"column":14},"end":{"line":276,"column":64}},{"start":{"line":278,"column":14},"end":{"line":283,"column":35}},{"start":{"line":285,"column":14},"end":{"line":290,"column":20}},{"start":{"line":292,"column":14},"end":{"line":292,"column":22}},{"start":{"line":293,"column":14},"end":{"line":294,"column":40}}],"line":264}},"s":{"0":1,"1":1,"2":1,"3":1,"4":1,"5":1,"6":4,"7":8,"8":8,"9":8,"10":8,"11":8,"12":0,"13":8,"14":8,"15":8,"16":8,"17":12,"18":12,"19":8,"20":12,"21":4,"22":4,"23":0,"24":0,"25":8,"26":12,"27":0,"28":12,"29":12,"30":20,"31":20,"32":17,"33":3,"34":3,"35":17,"36":5,"37":12,"38":6,"39":8,"40":8,"41":8,"42":8,"43":17,"44":3,"45":8,"46":0,"47":0,"48":1,"49":1,"50":6,"51":6,"52":6,"53":6,"54":6,"55":6,"56":1,"57":0,"58":1,"59":1,"60":1,"61":1,"62":0,"63":1,"64":1,"65":4,"66":12,"67":12,"68":4,"69":4,"70":2,"71":2,"72":0,"73":0,"74":2,"75":2,"76":2,"77":2,"78":2,"79":2,"80":2,"81":2,"82":2,"83":4,"84":4,"85":1,"86":1,"87":1,"88":2,"89":2,"90":1,"91":1,"92":1,"93":1,"94":1,"95":1,"96":1,"97":1,"98":2,"99":5,"100":6,"101":2,"102":2,"103":1,"104":1,"105":1,"106":1,"107":0,"108":1,"109":2,"110":2,"111":1,"112":1,"113":0,"114":0,"115":0,"116":0,"117":0,"118":0,"119":0,"120":0,"121":0,"122":0,"123":0,"124":0,"125":0,"126":1,"127":1,"128":0,"129":0,"130":0,"131":0,"132":0,"133":0,"134":0,"135":0,"136":0,"137":0,"138":0,"139":0,"140":0,"141":1,"142":1,"143":1,"144":5,"145":5,"146":1,"147":1,"148":1,"149":1,"150":1,"151":1,"152":1,"153":1,"154":1,"155":1,"156":1,"157":1,"158":1,"159":1,"160":1,"161":1,"162":1,"163":1},"f":{"0":4,"1":8,"2":0,"3":8,"4":12,"5":0,"6":12,"7":20,"8":6,"9":8,"10":8,"11":17,"12":3,"13":0,"14":1,"15":1,"16":1,"17":0,"18":1,"19":4,"20":12,"21":2,"22":4,"23":1,"24":1,"25":2,"26":1,"27":1,"28":2,"29":5,"30":2,"31":1,"32":0,"33":0,"34":0,"35":1,"36":0,"37":0,"38":0,"39":1,"40":1,"41":5,"42":1},"b":{"0":[4,0],"1":[4,4],"2":[8,0],"3":[8,0],"4":[12,0],"5":[8,4],"6":[4,0],"7":[0,12],"8":[5,12],"9":[0,0],"10":[6,6],"11":[6,0],"12":[0,1],"13":[1,0],"14":[4,2,2,0,4],"15":[0,2],"16":[1,1,1,1],"17":[2,1,1,0,2],"18":[1,0],"19":[0,0,0,0,0],"20":[0,0],"21":[0,0,0,0,0],"22":[0,0],"23":[1,1,1,1,0,1]},"inputSourceMap":{"version":3,"sources":["blog.js"],"names":["blog","req","res","next","Post","create","body","imageUrl","imageId","time","Date","now","post","files","tmp","image","tempFilePath","uploader","upload","_","result","url","public_id","save","status","json","success","data","find","count","length","findById","params","id","populate","errorResponse","findByIdAndUpdate","runValidators","findByIdAndDelete","msg","name","message","Comment","comment","comments","push","commentCounts"],"mappings":";;;;;;;AAAA;;AACA;;AACA;;AACA;;;;;;;;;;;;;;;;;;;;IAEMA,I;;;;;;;;6FACgBC,G,EAAKC,G,EAAKC,I;;;;;;;uBACTC,iBAAKC,MAAL,iCACdJ,GAAG,CAACK,IADU;AAEjBC,kBAAAA,QAAQ,EAAE,EAFO;AAGjBC,kBAAAA,OAAO,EAAE,EAHQ;AAIjBC,kBAAAA,IAAI,EAAEC,IAAI,CAACC,GAAL;AAJW,mB;;;AAAbC,gBAAAA,I;;qBAOFX,GAAG,CAACY,K;;;;;AACAC,gBAAAA,G,GAAMb,GAAG,CAACY,KAAJ,CAAUE,KAAV,CAAgBC,Y;;uBACPC,uBAASC,MAAT,CAAgBJ,GAAhB,EAAqB,UAACK,CAAD,EAAIC,MAAJ;AAAA,yBAAeA,MAAf;AAAA,iBAArB,C;;;AAAfA,gBAAAA,M;AACNR,gBAAAA,IAAI,CAACL,QAAL,GAAgBa,MAAM,CAACC,GAAvB;AACAT,gBAAAA,IAAI,CAACJ,OAAL,GAAeY,MAAM,CAACE,SAAtB;AACAV,gBAAAA,IAAI,CAACW,IAAL;iDAEOrB,GAAG,CAACsB,MAAJ,CAAW,GAAX,EAAgBC,IAAhB,CAAqB;AAAEC,kBAAAA,OAAO,EAAE,IAAX;AAAiBC,kBAAAA,IAAI,EAAEf;AAAvB,iBAArB,C;;;;;;;;;;;;;;;;;;;8FAISX,G,EAAKC,G,EAAKC,I;;;;;;;uBACTC,iBAAKwB,IAAL,E;;;AAAbhB,gBAAAA,I;AACNV,gBAAAA,GAAG,CAACsB,MAAJ,CAAW,GAAX,EAAgBC,IAAhB,CAAqB;AAAEC,kBAAAA,OAAO,EAAE,IAAX;AAAiBG,kBAAAA,KAAK,EAAEjB,IAAI,CAACkB,MAA7B;AAAqCH,kBAAAA,IAAI,EAAEf;AAA3C,iBAArB;;;;;;;;;;;;;;;;;;;8FAGkBX,G,EAAKC,G,EAAKC,I;;;;;;;uBACTC,iBAAK2B,QAAL,CAAc9B,GAAG,CAAC+B,MAAJ,CAAWC,EAAzB,EAA6BC,QAA7B,CAAsC,UAAtC,C;;;AAAbtB,gBAAAA,I;;oBACDA,I;;;;;kDACIT,IAAI,CACT,IAAIgC,yBAAJ,qCAA+ClC,GAAG,CAAC+B,MAAJ,CAAWC,EAA1D,GAAgE,GAAhE,CADS,C;;;kDAKN/B,GAAG,CAACsB,MAAJ,CAAW,GAAX,EAAgBC,IAAhB,CAAqB;AAAEC,kBAAAA,OAAO,EAAE,IAAX;AAAiBC,kBAAAA,IAAI,EAAEf;AAAvB,iBAArB,C;;;;;;;;;;;;;;;;;;;8FAGWX,G,EAAKC,G,EAAKC,I;;;;;;;uBACTC,iBAAKgC,iBAAL,CAAuBnC,GAAG,CAAC+B,MAAJ,CAAWC,EAAlC,EAAsChC,GAAG,CAACK,IAA1C,EAAgD;AACjE,yBAAK,IAD4D;AAEjE+B,kBAAAA,aAAa,EAAE;AAFkD,iBAAhD,C;;;AAAbzB,gBAAAA,I;;oBAIDA,I;;;;;kDACIT,IAAI,CACT,IAAIgC,yBAAJ,qCAA+ClC,GAAG,CAAC+B,MAAJ,CAAWC,EAA1D,GAAgE,GAAhE,CADS,C;;;kDAKN/B,GAAG,CAACsB,MAAJ,CAAW,GAAX,EAAgBC,IAAhB,CAAqB;AAAEC,kBAAAA,OAAO,EAAE,IAAX;AAAiBC,kBAAAA,IAAI,EAAEf;AAAvB,iBAArB,C;;;;;;;;;;;;;;;;;;;+FAGWX,G,EAAKC,G,EAAKC,I;;;;;;;uBACTC,iBAAKkC,iBAAL,CAAuBrC,GAAG,CAAC+B,MAAJ,CAAWC,EAAlC,C;;;AAAbrB,gBAAAA,I;;oBACDA,I;;;;;kDACIT,IAAI,CACT,IAAIgC,yBAAJ,qCAA+ClC,GAAG,CAAC+B,MAAJ,CAAWC,EAA1D,GAAgE,GAAhE,CADS,C;;;kDAIN/B,GAAG,CACPsB,MADI,CACG,GADH,EAEJC,IAFI,CAEC;AAAEC,kBAAAA,OAAO,EAAE,IAAX;AAAiBa,kBAAAA,GAAG,EAAE;AAAtB,iBAFD,C;;;;;;;;;;;;;;;;;;;+FAKYtC,G,EAAKC,G,EAAKC,I;;;;;;;4BACHF,GAAG,CAACK,I,EAAtBkC,I,aAAAA,I,EAAMC,O,aAAAA,O;;uBACQC,qBAAQrC,MAAR,CAAe;AACnCmC,kBAAAA,IAAI,EAAJA,IADmC;AAEnCC,kBAAAA,OAAO,EAAPA;AAFmC,iBAAf,C;;;AAAhBE,gBAAAA,O;;uBAKavC,iBAAK2B,QAAL,CAAc9B,GAAG,CAAC+B,MAAJ,CAAWC,EAAzB,C;;;AAAbrB,gBAAAA,I;AACNA,gBAAAA,IAAI,CAACgC,QAAL,CAAcC,IAAd,CAAmBF,OAAO,CAACV,EAA3B;AACArB,gBAAAA,IAAI,CAACkC,aAAL,IAAsB,CAAtB;;uBACMlC,IAAI,CAACW,IAAL,E;;;kDAECrB,GAAG,CAACsB,MAAJ,CAAW,GAAX,EAAgBC,IAAhB,CAAqB;AAC1BC,kBAAAA,OAAO,EAAE,IADiB;AAE1Ba,kBAAAA,GAAG,EAAE,8BAFqB;AAG1BZ,kBAAAA,IAAI,EAAEf;AAHoB,iBAArB,C;;;;;;;;;;;;;;;;;;;;;eAQIZ,I","sourceRoot":"/Users/andela/Documents/My-Brand/server/src/controllers/","sourcesContent":["import uploader from \"../config/cloudinary\";\nimport Post from \"../modal/blog\";\nimport Comment from \"../modal/comment\";\nimport errorResponse from \"../util/errorResponse\";\n\nclass blog {\n  static async create(req, res, next) {\n    const post = await Post.create({\n      ...req.body,\n      imageUrl: \"\",\n      imageId: \"\",\n      time: Date.now(),\n    });\n\n    if (req.files) {\n      const tmp = req.files.image.tempFilePath;\n      const result = await uploader.upload(tmp, (_, result) => result);\n      post.imageUrl = result.url;\n      post.imageId = result.public_id;\n      post.save();\n\n      return res.status(201).json({ success: true, data: post });\n    }\n  }\n\n  static async getAll(req, res, next) {\n    const post = await Post.find();\n    res.status(201).json({ success: true, count: post.length, data: post });\n  }\n\n  static async getOne(req, res, next) {\n    const post = await Post.findById(req.params.id).populate(\"comments\");\n    if (!post) {\n      return next(\n        new errorResponse(`Post not found with id of ${req.params.id}`, 404)\n      );\n    }\n\n    return res.status(200).json({ success: true, data: post });\n  }\n\n  static async update(req, res, next) {\n    const post = await Post.findByIdAndUpdate(req.params.id, req.body, {\n      new: true,\n      runValidators: true,\n    });\n    if (!post) {\n      return next(\n        new errorResponse(`Post not found with id of ${req.params.id}`, 404)\n      );\n    }\n\n    return res.status(200).json({ success: true, data: post });\n  }\n\n  static async delete(req, res, next) {\n    const post = await Post.findByIdAndDelete(req.params.id);\n    if (!post) {\n      return next(\n        new errorResponse(`Post not found with id of ${req.params.id}`, 404)\n      );\n    }\n    return res\n      .status(200)\n      .json({ success: true, msg: \"successfully delete post\" });\n  }\n\n  static async comment(req, res, next) {\n    const { name, message } = req.body;\n    const comment = await Comment.create({\n      name,\n      message,\n    });\n\n    const post = await Post.findById(req.params.id);\n    post.comments.push(comment.id);\n    post.commentCounts += 1;\n    await post.save();\n\n    return res.status(201).json({\n      success: true,\n      msg: \"comment successfully created\",\n      data: post,\n    });\n  }\n}\n\nexport default blog;\n"]},"_coverageSchema":"1a1c01bbd47fc00a2c39e90264f33305004495a9","hash":"a91b63e6a4013274f77c0254fab27d207533d14f","contentHash":"960df9a677ded437e44f7c86eefa5aebf6d0de46aa8dd45d75e9022c6b8af753"},"/Users/andela/Documents/My-Brand/server/src/config/cloudinary.js":{"path":"/Users/andela/Documents/My-Brand/server/src/config/cloudinary.js","statementMap":{"0":{"start":{"line":3,"column":0},"end":{"line":5,"column":3}},"1":{"start":{"line":6,"column":0},"end":{"line":6,"column":28}},"2":{"start":{"line":8,"column":14},"end":{"line":8,"column":31}},"3":{"start":{"line":10,"column":18},"end":{"line":10,"column":39}},"4":{"start":{"line":12,"column":0},"end":{"line":12,"column":22}},"5":{"start":{"line":14,"column":0},"end":{"line":18,"column":3}},"6":{"start":{"line":20,"column":15},"end":{"line":20,"column":38}},"7":{"start":{"line":21,"column":0},"end":{"line":21,"column":30}}},"fnMap":{},"branchMap":{},"s":{"0":1,"1":1,"2":1,"3":1,"4":1,"5":1,"6":1,"7":1},"f":{},"b":{},"inputSourceMap":{"version":3,"sources":["cloudinary.js"],"names":["cloudinary","config","cloud_name","process","env","CLOUDINARY_NAME","api_key","CLOUDINARY_API_KEY","api_secret","CLOUDINARY_API_SECRET","uploader"],"mappings":";;;;;;;AAAA;;AACA;;AAEA;;AACAA,eAAWC,MAAX,CAAkB;AAChBC,EAAAA,UAAU,EAAEC,OAAO,CAACC,GAAR,CAAYC,eADR;AAEhBC,EAAAA,OAAO,EAAEH,OAAO,CAACC,GAAR,CAAYG,kBAFL;AAGhBC,EAAAA,UAAU,EAAEL,OAAO,CAACC,GAAR,CAAYK;AAHR,CAAlB;;eAMeT,eAAWU,Q","sourceRoot":"/Users/andela/Documents/My-Brand/server/src/config/","sourcesContent":["import { config } from \"dotenv\";\nimport { v2 as cloudinary } from \"cloudinary\";\n\nconfig();\ncloudinary.config({\n  cloud_name: process.env.CLOUDINARY_NAME,\n  api_key: process.env.CLOUDINARY_API_KEY,\n  api_secret: process.env.CLOUDINARY_API_SECRET,\n});\n\nexport default cloudinary.uploader;\n"]},"_coverageSchema":"1a1c01bbd47fc00a2c39e90264f33305004495a9","hash":"7ed0018e9577349a58a736c00a4bc24d6dd7ee6b","contentHash":"f760587c4466255d28d6f62fa396e714a215fe1b16380d78a303ca09a6d19bd4"},"/Users/andela/Documents/My-Brand/server/src/modal/comment.js":{"path":"/Users/andela/Documents/My-Brand/server/src/modal/comment.js","statementMap":{"0":{"start":{"line":3,"column":0},"end":{"line":5,"column":3}},"1":{"start":{"line":6,"column":0},"end":{"line":6,"column":28}},"2":{"start":{"line":8,"column":16},"end":{"line":8,"column":59}},"3":{"start":{"line":10,"column":39},"end":{"line":10,"column":95}},"4":{"start":{"line":12,"column":20},"end":{"line":26,"column":2}},"5":{"start":{"line":28,"column":15},"end":{"line":28,"column":67}},"6":{"start":{"line":30,"column":0},"end":{"line":30,"column":30}}},"fnMap":{"0":{"name":"_interopRequireDefault","decl":{"start":{"line":10,"column":9},"end":{"line":10,"column":31}},"loc":{"start":{"line":10,"column":37},"end":{"line":10,"column":97}},"line":10}},"branchMap":{"0":{"loc":{"start":{"line":10,"column":46},"end":{"line":10,"column":94}},"type":"cond-expr","locations":[{"start":{"line":10,"column":70},"end":{"line":10,"column":73}},{"start":{"line":10,"column":76},"end":{"line":10,"column":94}}],"line":10},"1":{"loc":{"start":{"line":10,"column":46},"end":{"line":10,"column":67}},"type":"binary-expr","locations":[{"start":{"line":10,"column":46},"end":{"line":10,"column":49}},{"start":{"line":10,"column":53},"end":{"line":10,"column":67}}],"line":10}},"s":{"0":1,"1":1,"2":1,"3":1,"4":1,"5":1,"6":1},"f":{"0":1},"b":{"0":[0,1],"1":[1,1]},"inputSourceMap":{"version":3,"sources":["comment.js"],"names":["commentSchema","mongoose","Schema","name","type","String","required","message","commentedAt","Date","now","model"],"mappings":";;;;;;;AAAA;;;;AACA,IAAMA,aAAa,GAAGC,qBAASC,MAAT,CAAgB;AACpCC,EAAAA,IAAI,EAAE;AAAEC,IAAAA,IAAI,EAAEC,MAAR;AAAgBC,IAAAA,QAAQ,EAAE,IAA1B;AAAgC,eAAS;AAAzC,GAD8B;AAEpCC,EAAAA,OAAO,EAAE;AAAEH,IAAAA,IAAI,EAAEC,MAAR;AAAgBC,IAAAA,QAAQ,EAAE;AAA1B,GAF2B;AAGpCE,EAAAA,WAAW,EAAE;AAAEJ,IAAAA,IAAI,EAAEK,IAAR;AAAc,eAASA,IAAI,CAACC;AAA5B;AAHuB,CAAhB,CAAtB;;eAKeT,qBAASU,KAAT,CAAe,SAAf,EAA0BX,aAA1B,C","sourceRoot":"/Users/andela/Documents/My-Brand/server/src/modal/","sourcesContent":["import mongoose from \"mongoose\";\nconst commentSchema = mongoose.Schema({\n  name: { type: String, required: true, default: \"Anoynmous\" },\n  message: { type: String, required: true },\n  commentedAt: { type: Date, default: Date.now },\n});\nexport default mongoose.model(\"Comment\", commentSchema);\n"]},"_coverageSchema":"1a1c01bbd47fc00a2c39e90264f33305004495a9","hash":"04a4907657eaa58f83cf915ba25d4f259b495d33","contentHash":"c34e87e1f18b53c449a8ce44da69f952e3cf2aeccc2eca873188ec7a59007e05"},"/Users/andela/Documents/My-Brand/server/src/util/errorResponse.js":{"path":"/Users/andela/Documents/My-Brand/server/src/util/errorResponse.js","statementMap":{"0":{"start":{"line":3,"column":51},"end":{"line":3,"column":355}},"1":{"start":{"line":3,"column":126},"end":{"line":3,"column":181}},"2":{"start":{"line":3,"column":160},"end":{"line":3,"column":178}},"3":{"start":{"line":3,"column":191},"end":{"line":3,"column":353}},"4":{"start":{"line":3,"column":225},"end":{"line":3,"column":350}},"5":{"start":{"line":3,"column":356},"end":{"line":3,"column":376}},"6":{"start":{"line":5,"column":0},"end":{"line":7,"column":3}},"7":{"start":{"line":8,"column":0},"end":{"line":8,"column":28}},"8":{"start":{"line":10,"column":50},"end":{"line":10,"column":151}},"9":{"start":{"line":10,"column":92},"end":{"line":10,"column":149}},"10":{"start":{"line":12,"column":43},"end":{"line":12,"column":182}},"11":{"start":{"line":12,"column":106},"end":{"line":12,"column":180}},"12":{"start":{"line":12,"column":183},"end":{"line":12,"column":328}},"13":{"start":{"line":12,"column":329},"end":{"line":12,"column":383}},"14":{"start":{"line":12,"column":345},"end":{"line":12,"column":383}},"15":{"start":{"line":14,"column":65},"end":{"line":14,"column":92}},"16":{"start":{"line":14,"column":94},"end":{"line":14,"column":423}},"17":{"start":{"line":14,"column":147},"end":{"line":14,"column":171}},"18":{"start":{"line":14,"column":181},"end":{"line":14,"column":371}},"19":{"start":{"line":14,"column":230},"end":{"line":14,"column":263}},"20":{"start":{"line":14,"column":265},"end":{"line":14,"column":321}},"21":{"start":{"line":14,"column":331},"end":{"line":14,"column":369}},"22":{"start":{"line":14,"column":372},"end":{"line":14,"column":420}},"23":{"start":{"line":16,"column":50},"end":{"line":16,"column":138}},"24":{"start":{"line":16,"column":124},"end":{"line":16,"column":136}},"25":{"start":{"line":16,"column":139},"end":{"line":16,"column":175}},"26":{"start":{"line":18,"column":40},"end":{"line":18,"column":151}},"27":{"start":{"line":18,"column":63},"end":{"line":18,"column":149}},"28":{"start":{"line":18,"column":152},"end":{"line":18,"column":164}},"29":{"start":{"line":20,"column":48},"end":{"line":20,"column":97}},"30":{"start":{"line":20,"column":99},"end":{"line":20,"column":725}},"31":{"start":{"line":20,"column":153},"end":{"line":20,"column":215}},"32":{"start":{"line":20,"column":202},"end":{"line":20,"column":215}},"33":{"start":{"line":20,"column":216},"end":{"line":20,"column":327}},"34":{"start":{"line":20,"column":251},"end":{"line":20,"column":325}},"35":{"start":{"line":20,"column":328},"end":{"line":20,"column":443}},"36":{"start":{"line":20,"column":365},"end":{"line":20,"column":413}},"37":{"start":{"line":20,"column":388},"end":{"line":20,"column":413}},"38":{"start":{"line":20,"column":414},"end":{"line":20,"column":441}},"39":{"start":{"line":20,"column":465},"end":{"line":20,"column":536}},"40":{"start":{"line":20,"column":539},"end":{"line":20,"column":682}},"41":{"start":{"line":20,"column":683},"end":{"line":20,"column":722}},"42":{"start":{"line":20,"column":726},"end":{"line":20,"column":757}},"43":{"start":{"line":22,"column":43},"end":{"line":22,"column":374}},"44":{"start":{"line":22,"column":78},"end":{"line":22,"column":109}},"45":{"start":{"line":22,"column":119},"end":{"line":22,"column":372}},"46":{"start":{"line":22,"column":183},"end":{"line":22,"column":189}},"47":{"start":{"line":22,"column":191},"end":{"line":22,"column":213}},"48":{"start":{"line":22,"column":232},"end":{"line":22,"column":262}},"49":{"start":{"line":22,"column":279},"end":{"line":22,"column":296}},"50":{"start":{"line":22,"column":298},"end":{"line":22,"column":352}},"51":{"start":{"line":22,"column":309},"end":{"line":22,"column":352}},"52":{"start":{"line":22,"column":353},"end":{"line":22,"column":369}},"53":{"start":{"line":22,"column":375},"end":{"line":22,"column":416}},"54":{"start":{"line":24,"column":39},"end":{"line":24,"column":110}},"55":{"start":{"line":24,"column":97},"end":{"line":24,"column":110}},"56":{"start":{"line":24,"column":111},"end":{"line":24,"column":152}},"57":{"start":{"line":24,"column":139},"end":{"line":24,"column":152}},"58":{"start":{"line":24,"column":153},"end":{"line":24,"column":198}},"59":{"start":{"line":24,"column":186},"end":{"line":24,"column":198}},"60":{"start":{"line":24,"column":199},"end":{"line":24,"column":322}},"61":{"start":{"line":24,"column":205},"end":{"line":24,"column":279}},"62":{"start":{"line":24,"column":280},"end":{"line":24,"column":292}},"63":{"start":{"line":24,"column":307},"end":{"line":24,"column":320}},"64":{"start":{"line":26,"column":33},"end":{"line":26,"column":99}},"65":{"start":{"line":28,"column":33},"end":{"line":28,"column":138}},"66":{"start":{"line":28,"column":109},"end":{"line":28,"column":125}},"67":{"start":{"line":28,"column":126},"end":{"line":28,"column":135}},"68":{"start":{"line":28,"column":139},"end":{"line":28,"column":168}},"69":{"start":{"line":30,"column":30},"end":{"line":30,"column":176}},"70":{"start":{"line":30,"column":126},"end":{"line":30,"column":173}},"71":{"start":{"line":30,"column":177},"end":{"line":30,"column":203}},"72":{"start":{"line":32,"column":33},"end":{"line":48,"column":40}},"73":{"start":{"line":33,"column":2},"end":{"line":33,"column":35}},"74":{"start":{"line":35,"column":15},"end":{"line":35,"column":42}},"75":{"start":{"line":40,"column":4},"end":{"line":40,"column":41}},"76":{"start":{"line":42,"column":4},"end":{"line":42,"column":39}},"77":{"start":{"line":43,"column":4},"end":{"line":43,"column":34}},"78":{"start":{"line":44,"column":4},"end":{"line":44,"column":17}},"79":{"start":{"line":47,"column":2},"end":{"line":47,"column":23}},"80":{"start":{"line":50,"column":15},"end":{"line":50,"column":28}},"81":{"start":{"line":51,"column":0},"end":{"line":51,"column":30}}},"fnMap":{"0":{"name":"_typeof","decl":{"start":{"line":3,"column":9},"end":{"line":3,"column":16}},"loc":{"start":{"line":3,"column":22},"end":{"line":3,"column":378}},"line":3},"1":{"name":"_typeof","decl":{"start":{"line":3,"column":145},"end":{"line":3,"column":152}},"loc":{"start":{"line":3,"column":158},"end":{"line":3,"column":180}},"line":3},"2":{"name":"_typeof","decl":{"start":{"line":3,"column":210},"end":{"line":3,"column":217}},"loc":{"start":{"line":3,"column":223},"end":{"line":3,"column":352}},"line":3},"3":{"name":"_classCallCheck","decl":{"start":{"line":10,"column":9},"end":{"line":10,"column":24}},"loc":{"start":{"line":10,"column":48},"end":{"line":10,"column":153}},"line":10},"4":{"name":"_inherits","decl":{"start":{"line":12,"column":9},"end":{"line":12,"column":18}},"loc":{"start":{"line":12,"column":41},"end":{"line":12,"column":385}},"line":12},"5":{"name":"_createSuper","decl":{"start":{"line":14,"column":9},"end":{"line":14,"column":21}},"loc":{"start":{"line":14,"column":31},"end":{"line":14,"column":425}},"line":14},"6":{"name":"_createSuperInternal","decl":{"start":{"line":14,"column":110},"end":{"line":14,"column":130}},"loc":{"start":{"line":14,"column":133},"end":{"line":14,"column":422}},"line":14},"7":{"name":"_possibleConstructorReturn","decl":{"start":{"line":16,"column":9},"end":{"line":16,"column":35}},"loc":{"start":{"line":16,"column":48},"end":{"line":16,"column":177}},"line":16},"8":{"name":"_assertThisInitialized","decl":{"start":{"line":18,"column":9},"end":{"line":18,"column":31}},"loc":{"start":{"line":18,"column":38},"end":{"line":18,"column":166}},"line":18},"9":{"name":"_wrapNativeSuper","decl":{"start":{"line":20,"column":9},"end":{"line":20,"column":25}},"loc":{"start":{"line":20,"column":33},"end":{"line":20,"column":759}},"line":20},"10":{"name":"_wrapNativeSuper","decl":{"start":{"line":20,"column":127},"end":{"line":20,"column":143}},"loc":{"start":{"line":20,"column":151},"end":{"line":20,"column":724}},"line":20},"11":{"name":"Wrapper","decl":{"start":{"line":20,"column":453},"end":{"line":20,"column":460}},"loc":{"start":{"line":20,"column":463},"end":{"line":20,"column":538}},"line":20},"12":{"name":"_construct","decl":{"start":{"line":22,"column":9},"end":{"line":22,"column":19}},"loc":{"start":{"line":22,"column":41},"end":{"line":22,"column":418}},"line":22},"13":{"name":"_construct","decl":{"start":{"line":22,"column":141},"end":{"line":22,"column":151}},"loc":{"start":{"line":22,"column":173},"end":{"line":22,"column":371}},"line":22},"14":{"name":"_isNativeReflectConstruct","decl":{"start":{"line":24,"column":9},"end":{"line":24,"column":34}},"loc":{"start":{"line":24,"column":37},"end":{"line":24,"column":324}},"line":24},"15":{"name":"(anonymous_15)","decl":{"start":{"line":24,"column":262},"end":{"line":24,"column":263}},"loc":{"start":{"line":24,"column":274},"end":{"line":24,"col
[...]
{"start":{"line":22,"column":200},"end":{"line":22,"column":254}},{"start":{"line":22,"column":200},"end":{"line":22,"column":254}}],"line":22},"6":{"loc":{"start":{"line":24,"column":62},"end":{"line":24,"column":131}},"type":"if","locations":[{"start":{"line":24,"column":62},"end":{"line":24,"column":131}},{"start":{"line":24,"column":62},"end":{"line":24,"column":131}}],"line":24},"7":{"loc":{"start":{"line":24,"column":132},"end":{"line":24,"column":193}},"type":"if","locations":[{"start":{"line":24,"column":132},"end":{"line":24,"column":193}},{"start":{"line":24,"column":132},"end":{"line":24,"column":193}}],"line":24},"8":{"loc":{"start":{"line":39,"column":12},"end":{"line":57,"column":13}},"type":"switch","locations":[{"start":{"line":40,"column":14},"end":{"line":48,"column":19}},{"start":{"line":50,"column":14},"end":{"line":52,"column":88}},{"start":{"line":54,"column":14},"end":{"line":54,"column":21}},{"start":{"line":55,"column":14},"end":{"line":56,"column":39}}],"line":39},"9":{"loc":{"start":{"line":76,"column":12},"end":{"line":123,"column":13}},"type":"switch","locations":[{"start":{"line":77,"column":14},"end":{"line":85,"column":132}},{"start":{"line":87,"column":14},"end":{"line":91,"column":39}},{"start":{"line":93,"column":14},"end":{"line":101,"column":115}},{"start":{"line":103,"column":14},"end":{"line":105,"column":52}},{"start":{"line":107,"column":14},"end":{"line":115,"column":115}},{"start":{"line":117,"column":14},"end":{"line":118,"column":89}},{"start":{"line":120,"column":14},"end":{"line":120,"column":22}},{"start":{"line":121,"column":14},"end":{"line":122,"column":40}}],"line":76},"10":{"loc":{"start":{"line":80,"column":16},"end":{"line":83,"column":17}},"type":"if","locations":[{"start":{"line":80,"column":16},"end":{"line":83,"column":17}},{"start":{"line":80,"column":16},"end":{"line":83,"column":17}}],"line":80},"11":{"loc":{"start":{"line":80,"column":22},"end":{"line":80,"column":41}},"type":"binary-expr","locations":[{"start":{"line":80,"column":22},"end":{"line":80,"column":28}},{"start":{"line":80,"column":32},"end":{"line":80,"column":41}}],"line":80},"12":{"loc":{"start":{"line":96,"column":16},"end":{"line":99,"column":17}},"type":"if","locations":[{"start":{"line":96,"column":16},"end":{"line":99,"column":17}},{"start":{"line":96,"column":16},"end":{"line":99,"column":17}}],"line":96},"13":{"loc":{"start":{"line":110,"column":16},"end":{"line":113,"column":17}},"type":"if","locations":[{"start":{"line":110,"column":16},"end":{"line":113,"column":17}},{"start":{"line":110,"column":16},"end":{"line":113,"column":17}}],"line":110}},"s":{"0":1,"1":1,"2":1,"3":1,"4":1,"5":3,"6":13,"7":13,"8":13,"9":0,"10":0,"11":13,"12":6,"13":7,"14":2,"15":6,"16":6,"17":6,"18":6,"19":13,"20":0,"21":6,"22":0,"23":0,"24":1,"25":1,"26":2,"27":2,"28":2,"29":2,"30":2,"31":2,"32":1,"33":0,"34":1,"35":1,"36":1,"37":1,"38":0,"39":1,"40":1,"41":3,"42":9,"43":9,"44":3,"45":3,"46":3,"47":3,"48":3,"49":3,"50":3,"51":1,"52":1,"53":3,"54":10,"55":15,"56":3,"57":3,"58":3,"59":3,"60":0,"61":3,"62":3,"63":3,"64":3,"65":1,"66":1,"67":2,"68":1,"69":1,"70":1,"71":1,"72":1,"73":1,"74":0,"75":1,"76":3,"77":3,"78":1,"79":1,"80":1,"81":1},"f":{"0":3,"1":13,"2":2,"3":6,"4":6,"5":13,"6":0,"7":0,"8":1,"9":1,"10":1,"11":0,"12":1,"13":3,"14":9,"15":3,"16":1,"17":3,"18":10,"19":3},"b":{"0":[3,0],"1":[3,3],"2":[6,7],"3":[0,0],"4":[2,2],"5":[2,0],"6":[0,1],"7":[1,0],"8":[3,3,0,3],"9":[3,3,3,1,1,1,0,3],"10":[3,0],"11":[3,3],"12":[1,2],"13":[1,0]},"inputSourceMap":{"version":3,"sources":["user.js"],"names":["user","req","res","next","body","name","email","password","User","create","errorResponse","findOne","select","matchPassword","isMatch"],"mappings":";;;;;;;AAAA;;AACA;;AACA;;;;;;;;;;;;;;IAEMA,I;;;;;;;;+FACkBC,G,EAAKC,G,EAAKC,I;;;;;;;4BACIF,GAAG,CAACG,I,EAA9BC,I,aAAAA,I,EAAMC,K,aAAAA,K,EAAOC,Q,aAAAA,Q,EAErB;;;uBACmBC,iBAAKC,MAAL,CAAY;AAC7BJ,kBAAAA,IAAI,EAAJA,IAD6B;AAE7BC,kBAAAA,KAAK,EAALA,KAF6B;AAG7BC,kBAAAA,QAAQ,EAARA;AAH6B,iBAAZ,C;;;AAAbP,gBAAAA,I;iDAMC,sBAAkBA,IAAlB,EAAwB,GAAxB,EAA6BE,GAA7B,C;;;;;;;;;;;;;;;;;;;6FAGUD,G,EAAKC,G,EAAKC,I;;;;;;;6BACCF,GAAG,CAACG,I,EAAxBE,K,cAAAA,K,EAAOC,Q,cAAAA,Q,EAEf;;sBACI,CAACD,KAAD,IAAU,CAACC,Q;;;;;kDACNJ,IAAI,CACT,IAAIO,yBAAJ,CAAkB,sCAAlB,EAA0D,GAA1D,CADS,C;;;;uBAMMF,iBAAKG,OAAL,CAAa;AAAEL,kBAAAA,KAAK,EAALA;AAAF,iBAAb,EAAwBM,MAAxB,CAA+B,WAA/B,C;;;AAAbZ,gBAAAA,I;;oBAEDA,I;;;;;kDACIG,IAAI,CAAC,IAAIO,yBAAJ,CAAkB,qBAAlB,EAAyC,GAAzC,CAAD,C;;;;uBAISV,IAAI,CAACa,aAAL,CAAmBN,QAAnB,C;;;AAAhBO,gBAAAA,O;;oBAEDA,O;;;;;kDACIX,IAAI,CAAC,IAAIO,yBAAJ,CAAkB,qBAAlB,EAAyC,GAAzC,CAAD,C;;;kDAGN,sBAAkBV,IAAlB,EAAwB,GAAxB,EAA6BE,GAA7B,C;;;;;;;;;;;;;;;;;;;;;eAIIF,I","sourceRoot":"/Users/andela/Documents/My-Brand/server/src/controllers/","sourcesContent":["import User from \"../modal/user\";\nimport sendTokenResponse from \"../helpers/auth\";\nimport errorResponse from \"../util/errorResponse\";\n\nclass user {\n  static async register(req, res, next) {\n    const { name, email, password } = req.body;\n\n    // Create user\n    const user = await User.create({\n      name,\n      email,\n      password,\n    });\n\n    return sendTokenResponse(user, 200, res);\n  }\n\n  static async login(req, res, next) {\n    const { email, password } = req.body;\n\n    // Validate emil & password\n    if (!email || !password) {\n      return next(\n        new errorResponse(\"Please provide an email and password\", 400)\n      );\n    }\n\n    // Check for user\n    const user = await User.findOne({ email }).select(\"+password\");\n\n    if (!user) {\n      return next(new errorResponse(\"Invalid credentials\", 401));\n    }\n\n    // Check if password matches\n    const isMatch = await user.matchPassword(password);\n\n    if (!isMatch) {\n      return next(new errorResponse(\"Invalid credentials\", 401));\n    }\n\n    return sendTokenResponse(user, 200, res);\n  }\n}\n\nexport default user;\n"]},"_coverageSchema":"1a1c01bbd47fc00a2c39e90264f33305004495a9","hash":"86f522e4b33d69952a0302f92f97e20e29404f75","contentHash":"5c0482648aaaa871e68033cc6ca428cdc1a81151402d5a4d053a2877c83b31f0"},"/Users/andela/Documents/My-Brand/server/src/helpers/auth.js":{"path":"/Users/andela/Documents/My-Brand/server/src/helpers/auth.js","statementMap":{"0":{"start":{"line":3,"column":0},"end":{"line":5,"column":3}},"1":{"start":{"line":6,"column":0},"end":{"line":6,"column":28}},"2":{"start":{"line":9,"column":24},"end":{"line":20,"column":1}},"3":{"start":{"line":11,"column":14},"end":{"line":11,"column":38}},"4":{"start":{"line":12,"column":16},"end":{"line":15,"column":3}},"5":{"start":{"line":16,"column":2},"end":{"line":19,"column":5}},"6":{"start":{"line":22,"column":15},"end":{"line":22,"column":32}},"7":{"start":{"line":23,"column":0},"end":{"line":23,"column":30}}},"fnMap":{"0":{"name":"sendTokenResponse","decl":{"start":{"line":9,"column":33},"end":{"line":9,"column":50}},"loc":{"start":{"line":9,"column":74},"end":{"line":20,"column":1}},"line":9}},"branchMap":{},"s":{"0":1,"1":1,"2":1,"3":4,"4":4,"5":4,"6":1,"7":1},"f":{"0":4},"b":{},"inputSourceMap":{"version":3,"sources":["auth.js"],"names":["sendTokenResponse","user","statusCode","res","token","getSignedJwtToken","options","expires","Date","now","process","env","JWT_COOKIE_EXPIRE","httpOnly","status","cookie","json","success"],"mappings":";;;;;;;AAAA;AACA,IAAMA,iBAAiB,GAAG,SAApBA,iBAAoB,CAACC,IAAD,EAAOC,UAAP,EAAmBC,GAAnB,EAA2B;AACnD;AACA,MAAMC,KAAK,GAAGH,IAAI,CAACI,iBAAL,EAAd;AAEA,MAAMC,OAAO,GAAG;AACdC,IAAAA,OAAO,EAAE,IAAIC,IAAJ,CACPA,IAAI,CAACC,GAAL,KAAaC,OAAO,CAACC,GAAR,CAAYC,iBAAZ,GAAgC,EAAhC,GAAqC,EAArC,GAA0C,EAA1C,GAA+C,IADrD,CADK;AAIdC,IAAAA,QAAQ,EAAE;AAJI,GAAhB;AAOA,SAAOV,GAAG,CAACW,MAAJ,CAAWZ,UAAX,EAAuBa,MAAvB,CAA8B,OAA9B,EAAuCX,KAAvC,EAA8CE,OAA9C,EAAuDU,IAAvD,CAA4D;AACjEC,IAAAA,OAAO,EAAE,IADwD;AAEjEb,IAAAA,KAAK,EAALA;AAFiE,GAA5D,CAAP;AAID,CAfD;;eAiBeJ,iB","sourceRoot":"/Users/andela/Documents/My-Brand/server/src/helpers/","sourcesContent":["// Get token from model, create cookie and send response\nconst sendTokenResponse = (user, statusCode, res) => {\n  // Create token\n  const token = user.getSignedJwtToken();\n\n  const options = {\n    expires: new Date(\n      Date.now() + process.env.JWT_COOKIE_EXPIRE * 24 * 60 * 60 * 1000\n    ),\n    httpOnly: true,\n  };\n\n  return res.status(statusCode).cookie(\"token\", token, options).json({\n    success: true,\n    token,\n  });\n};\n\nexport default sendTokenResponse;\n"]},"_coverageSchema":"1a1c01bbd47fc00a2c39e90264f33305004495a9","hash":"0db257608954f9d9b429da241ce081d69f29772a","contentHash":"93584176e32bdcc60e54ff129bab9362255d04cf8c16a924db50d1f3b4ac9357"},"/Users/andela/Documents/My-Brand/server/src/middlewares/error.js":{"path":"/Users/andela/Documents/My-Brand/server/src/middlewares/error.js","statementMap":{"0":{"start":{"line":3,"column":0},"end":{"line":5,"column":3}},"1":{"start":{"line":6,"column":0},"end":{"line":6,"column":28}},"2":{"start":{"line":8,"column":21},"end":{"line":8,"column":77}},"3":{"start":{"line":10,"column":39},"end":{"line":10,"column":95}},"4":{"start":{"line":12,"column":54},"end":{"line":12,"column":73}},"5":{"start":{"line":12,"column":75},"end":{"line":12,"column":326}},"6":{"start":{"line":12,"column":125},"end":{"line":12,"column":161}},"7":{"start":{"line":12,"column":163},"end":{"line":12,"column":292}},"8":{"start":{"line":12,"column":183},"end":{"line":12,"column":292}},"9":{"start":{"line":12,"column":225},"end":{"line":12,"column":288}},"10":{"start":{"line":12,"column":293},"end":{"line":12,"column":324}},"11":{"start":{"line":12,"column":327},"end":{"line":12,"column":339}},"12":{"start":{"line":14,"column":33},"end":{"line":14,"column":517}},"13":{"start":{"line":14,"column":46},"end":{"line":14,"column":47}},"14":{"start":{"line":14,"column":91},"end":{"line":14,"column":131}},"15":{"start":{"line":14,"column":133},"end":{"line":14,"column":515}},"16":{"start":{"line":14,"column":146},"end":{"line":14,"column":247}},"17":{"start":{"line":14,"column":201},"end":{"line":14,"column":243}},"18":{"start":{"line":14,"column":255},"end":{"line":14,"column":515}},"19":{"start":{"line":14,"column":295},"end":{"line":14,"column":369}},"20":{"start":{"line":14,"column":379},"end":{"line":14,"column":513}},"21":{"start":{"line":14,"column":428},"end":{"line":14,"column":509}},"22":{"start":{"line":14,"column":518},"end":{"line":14,"column":532}},"23":{"start":{"line":16,"column":44},"end":{"line":16,"column":195}},"24":{"start":{"line":16,"column":62},"end":{"line":16,"column":166}},"25":{"start":{"line":16,"column":176},"end":{"line":16,"column":193}},"26":{"start":{"line":16,"column":196},"end":{"line":16,"column":207}},"27":{"start":{"line":18,"column":19},"end":{"line":41,"column":1}},"28":{"start":{"line":19,"column":14},"end":{"line":19,"column":36}},"29":{"start":{"line":21,"column":2},"end":{"line":21,"column":30}},"30":{"start":{"line":24,"column":2},"end":{"line":27,"column":3}},"31":{"start":{"line":25,"column":18},"end":{"line":25,"column":49}},"32":{"start":{"line":26,"column":4},"end":{"line":26,"column":56}},"33":{"start":{"line":30,"column":2},"end":{"line":36,"column":3}},"34":{"start":{"line":31,"column":19},"end":{"line":33,"column":6}},"35":{"start":{"line":32,"column":6},"end":{"line":32,"column":25}},"36":{"start":{"line":35,"column":4},"end":{"line":35,"column":57}},"37":{"start":{"line":38,"column":2},"end":{"line":40,"column":5}},"38":{"start":{"line":43,"column":15},"end":{"line":43,"column":27}},"39":{"start":{"line":44,"column":0},"end":{"line":44,"column":30}}},"fnMap":{"0":{"name":"_interopRequireDefault","decl":{"start":{"line":10,"column":9},"end":{"line":10,"column":31}},"loc":{"start":{"line":10,"column":37},"end":{"line":10,"column":97}},"line":10},"1":{"name":"ownKeys","decl":{"start":{"line":12,"column":9},"end":{"line":12,"column":16}},"loc":{"start":{"line":12,"column":41},"end":{"line":12,"column":341}},"line":12},"2":{"name":"(anonymous_2)","decl":{"start":{"line":12,"column":208},"end":{"line":12,"column":209}},"loc":{"start":{"line":12,"column":223},"end":{"line":12,"column":290}},"line":12},"3":{"name":"_objectSpread","decl":{"start":{"line":14,"column":9},"end":{"line":14,"column":22}},"loc":{"start":{"line":14,"column":31},"end":{"line":14,"column":534}},"line":14},"4":{"name":"(anonymous_4)","decl":{"start":{"line":14,"column":184},"end":{"line":14,"column":185}},"loc":{"start":{"line":14,"column":199},"end":{"line":14,"column":245}},"line":14},"5":{"name":"(anonymous_5)","decl":{"start":{"line":14,"column":411},"end":{"line":14,"column":412}},"loc":{"start":{"line":14,"column":426},"end":{"line":14,"column":511}},"line":14},"6":{"name":"_defineProperty","decl":{"start":{"line":16,"column":9},"end":{"line":16,"column":24}},"loc":{"start":{"line":16,"column":42},"end":{"line":16,"column":209}},"line":16},"7":{"name":"errorHandler","decl":{"start":{"line":18,"column":28},"end":{"line":18,"column":40}},"loc":{"start":{"line":18,"column":62},"end":{"line":41,"column":1}},"line":18},"8":{"name":"(anonymous_8)","decl":{"start":{"line":31,"column":49},"end":{"line":31,"column":50}},"loc":{"start":{"line":31,"column":64},"end":{"line":33,"column":5}},"line":31}},"branchMap":{"0":{"loc":{"start":{"line":10,"column":46},"end":{"line":10,"column":94}},"type":"cond-expr","locations":[{"start":{"line":10,"column":70},"end":{"line":10,"column":73}},{"start":{"line":10,"column":76},"end":{"line":10,"column":94}}],"line":10},"1":{"loc":{"start":{"line":10,"column":46},"end":{"line":10,"column":67}},"type":"binary-expr","locations":[{"start":{"line":10,"column":46},"end":{"line":10,"column":49}},{"start":{"line":10,"column":53},"end":{"line":10,"column":67}}],"line":10},"2":{"loc":{"start":{"line":12,"column":75},"end":{"line":12,"column":326}},"type":"if","locations":[{"start":{"line":12,"column":75},"end":{"line":12,"column":326}},{"start":{"line":12,"column":75},"end":{"line":12,"column":326}}],"line":12},"3":{"loc":{"start":{"line":12,"column":163},"end":{"line":12,"column":292}},"type":"if","locations":[{"start":{"line":12,"column":163},"end":{"line":12,"column":292}},{"start":{"line":12,"column":163},"end":{"line":12,"column":292}}],"line":12},"4":{"loc":{"start":{"line":14,"column":91},"end":{"line":14,"column":131}},"type":"cond-expr","locations":[{"start":{"line":14,"column":114},"end":{"line":14,"column":126}},{"start":{"line":14,"column":129},"end":{"line":14,"column":131}}],"line":14},"5":{"loc":{"start":{"line":14,"column":133},"end":{"line":14,"column":515}},"type":"if","locations":[{"start":{"line":14,"column":133},"end":{"line":14,"column":515}},{"start":{"line":14,"column":133},"end":{"line":14,"column":515}}],"line":14},"6":{"loc":{"start":{"line":14,"column":255},"end":{"line":14,"column":515}},"type":"if","locations":[{"start":{"line":14,"column":255},"end":{"line":14,"column":515}},{"start":{"line":14,"column":255},"end":{"line":14,"column":515}}],"line":14},"7":{"loc":{"start":{"line":16,"column":44},"end":{"line":16,"column":195}},"type":"if","locations":[{"start":{"line":16,"column":44},"end":{"line":16,"column":195}},{"start":{"line":16,"column":44},"end":{"line":16,"column":195}}],"line":16},"8":{"loc":{"start":{"line":24,"column":2},"end":{"line":27,"column":3}},"type":"if","locations":[{"start":{"line":24,"column":2},"end":{"line":27,"column":3}},{"start":{"line":24,"column":2},"end":{"line":27,"column":3}}],"line":24},"9":{"loc":{"start":{"line":30,"column":2},"end":{"line":36,"column":3}},"type":"if","locations":[{"start":{"line":30,"column":2},"end":{"line":36,"column":3}},{"start":{"line":30,"column":2},"end":{"line":36,"column":3}}],"line":30},"10":{"loc":{"start":{"line":38,"column":13},"end":{"line":38,"column":36}},"type":"binary-expr","locations":[{"start":{"line":38,"column":13},"end":{"line":38,"column":29}},{"start":{"line":38,"column":33},"end":{"line":38,"column":36}}],"line":38}},"s":{"0":1,"1":1,"2":1,"3":1,"4":5,"5":5,"6":5,"7":5,"8":5,"9":0,"10":5,"11":5,"12":5,"13":5,"14":5,"15":5,"16":5,"17":16,"18":0,"19":0,"20":0,"21":0,"22":5,"23":16,"24":0,"25":16,"26":16,"27":1,"28":5,"29":5,"30":5,"31":1,"32":1,"33":5,"34":1,"35":1,"36":1,"37":5,"38":1,"39":1},"f":{"0":1,"1":5,"2":0,"3":5,"4":16,"5":0,"6":16,"7":5,"8":1},"b":{"0":[1,0],"1":[1,1],"2":[5,0],"3":[5,0],"4":[5,0],"5":[5,0],"6":[0,0],"7":[0,16],"8":[1,4],"9":[1,4],"10":[5,1]},"inputSourceMap":{"version":3,"sources":["error.js"],"names":["errorHandler","err","req","res","next","error","message","code","errorResponse","name","Object","values","errors","map","val","status","statusCode","json","success"],"mappings":";;;;;;;AAAA;;;;;;;;;;AAEA,IAAMA,YAAY,GAAG,SAAfA,YAAe,CAACC,GAAD,EAAMC,GAAN,EAAWC,GAAX,EAAgBC,IAAhB,EAAyB;AAC5C,MAAIC,KAAK,qBAAQJ,GAAR,CAAT;;AACAI,EAAAA,KAAK,CAACC,OAAN,GAAgBL,GAAG,CAACK,OAApB,CAF4C,CAI5C;AAEA;;AACA,MAAIL,GAAG,CAACM,IAAJ,KAAa,KAAjB,EAAwB;AACtB,QAAMD,OAAO,GAAG,+BAAhB;AACAD,IAAAA,KAAK,GAAG,IAAIG,yBAAJ,CAAkBF,OAAlB,EAA2B,GAA3B,CAAR;AACD,GAV2C,CAY5C;;;AACA,MAAIL,GAAG,CAACQ,IAAJ,KAAa,iBAAjB,EAAoC;AAClC,QAAMH,QAAO,GAAGI,MAAM,CAACC,MAAP,CAAcV,GAAG,CAACW,MAAlB,EAA0BC,GAA1B,CAA8B,UAACC,GAAD;AAAA,aAASA,GAAG,CAACR,OAAb;AAAA,KAA9B,CAAhB;;AACAD,IAAAA,KAAK,GAAG,IAAIG,yBAAJ,CAAkBF,QAAlB,EAA2B,GAA3B,CAAR;AACD;;AAEDH,EAAAA,GAAG,CAACY,MAAJ,CAAWV,KAAK,CAACW,UAAN,IAAoB,GAA/B,EAAoCC,IAApC,CAAyC;AACvCC,IAAAA,OAAO,EAAE;AAD8B,GAAzC;AAGD,CArBD;;eAuBelB,Y","sourceRoot":"/Users/andela/Documents/My-Brand/server/src/middlewares/","sourcesContent":["import errorResponse from \"../util/errorResponse\";\n\nconst errorHandler = (err, req, res, next) => {\n  let error = { ...err };\n  error.message = err.message;\n\n  // Mongoose bad ObjectId\n\n  // Mongoose Duplicate Key\n  if (err.code === 11000) {\n    const message = \"Duplicate field Value Entered\";\n    error = new errorResponse(message, 400);\n  }\n\n  // Mongoose Validation Error\n  if (err.name === \"ValidationError\") {\n    const message = Object.values(err.errors).map((val) => val.message);\n    error = new errorResponse(message, 400);\n  }\n\n  res.status(error.statusCode || 500).json({\n    success: false,\n  });\n};\n\nexport default errorHandler;\n"]},"_coverageSchema":"1a1c01bbd47fc00a2c39e90264f33305004495a9","hash":"aa92ad20fb364d1660e8f70b527c5a3a3c78e52c","contentHash":"ee6b727ea1be40453c9663bd3910c5653b6064e4507e2a8857b9c3d19e0cf1e1"},"/Users/andela/Documents/My-Brand/server/src/tests/mockdata.js":{"path":"/Users/andela/Documents/My-Brand/server/src/tests/mockdata.js","statementMap":{"0":{"start":{"line":3,"column":0},"end":{"line":5,"column":3}},"1":{"start":{"line":6,"column":0},"end":{"line":6,"column":28}},"2":{"start":{"line":7,"column":15},"end":{"line":21,"column":1}},"3":{"start":{"line":22,"column":15},"end":{"line":22,"column":23}},"4":{"start":{"line":23,"column":0},"end":{"line":23,"column":30}}},"fnMap":{},"branchMap":{},"s":{"0":1,"1":1,"2":1,"3":1,"4":1},"f":{},"b":{},"inputSourceMap":{"version":3,"sources":["mockdata.js"],"names":["mockdata","signUpUser","name","email","password","loginUser","loginUser1"],"mappings":";;;;;;AAAA,IAAMA,QAAQ,GAAG;AACfC,EAAAA,UAAU,EAAE;AACVC,IAAAA,IAAI,EAAE,iBADI;AAEVC,IAAAA,KAAK,EAAE,sBAFG;AAGVC,IAAAA,QAAQ,EAAE;AAHA,GADG;AAOfC,EAAAA,SAAS,EAAE;AACTF,IAAAA,KAAK,EAAE,sBADE;AAETC,IAAAA,QAAQ,EAAE;AAFD,GAPI;AAYfE,EAAAA,UAAU,EAAE;AACVH,IAAAA,KAAK,EAAE,uBADG;AAEVC,IAAAA,QAAQ,EAAE;AAFA;AAZG,CAAjB;eAiBeJ,Q","sourceRoot":"/Users/andela/Documents/My-Brand/server/src/tests/","sourcesContent":["const mockdata = {\n  signUpUser: {\n    name: \"shema christian\",\n    email: \"azertshema@gmail.com\",\n    password: \"kn88chr4!cross\",\n  },\n\n  loginUser: {\n    email: \"azertshema@gmail.com\",\n    password: \"kn88chr4!cross\",\n  },\n\n  loginUser1: {\n    email: \"azerwtshema@gmail.com\",\n    password: \"knddfdfrf\",\n  },\n};\nexport default mockdata;\n"]},"_coverageSchema":"1a1c01bbd47fc00a2c39e90264f33305004495a9","hash":"e09839d56b1c1a88afad4645063a64263607c074","contentHash":"59708a3c32584aabb36d8354bcbe88d3b1848d1d4ee6405f1b633d99dcd0ab50"}}